mode: set
github.com/paketo-buildpacks/dep-server/pkg/dependency/purl/purl.go:11.39,13.2 1 1
github.com/paketo-buildpacks/dep-server/pkg/dependency/purl/purl.go:15.79,34.16 3 1
github.com/paketo-buildpacks/dep-server/pkg/dependency/purl/purl.go:38.2,38.19 1 1
github.com/paketo-buildpacks/dep-server/pkg/dependency/purl/purl.go:34.16,36.3 1 0
github.com/paketo-buildpacks/dep-server/internal/handler/handler.go:14.76,15.32 1 1
github.com/paketo-buildpacks/dep-server/internal/handler/handler.go:20.2,21.26 2 1
github.com/paketo-buildpacks/dep-server/internal/handler/handler.go:26.2,28.16 3 1
github.com/paketo-buildpacks/dep-server/internal/handler/handler.go:34.2,35.38 2 1
github.com/paketo-buildpacks/dep-server/internal/handler/handler.go:40.2,41.16 2 1
github.com/paketo-buildpacks/dep-server/internal/handler/handler.go:15.32,18.3 2 1
github.com/paketo-buildpacks/dep-server/internal/handler/handler.go:21.26,24.3 2 1
github.com/paketo-buildpacks/dep-server/internal/handler/handler.go:28.16,32.3 2 0
github.com/paketo-buildpacks/dep-server/internal/handler/handler.go:35.38,38.3 2 1
github.com/paketo-buildpacks/dep-server/internal/handler/handler.go:41.16,44.3 2 0
github.com/paketo-buildpacks/dep-server/internal/handler/handler.go:47.80,50.2 2 1
github.com/paketo-buildpacks/dep-server/pkg/dependency/internal/checksummer.go:18.35,20.2 1 1
github.com/paketo-buildpacks/dep-server/pkg/dependency/internal/checksummer.go:22.75,24.16 2 1
github.com/paketo-buildpacks/dep-server/pkg/dependency/internal/checksummer.go:27.2,29.33 2 1
github.com/paketo-buildpacks/dep-server/pkg/dependency/internal/checksummer.go:41.2,41.68 1 1
github.com/paketo-buildpacks/dep-server/pkg/dependency/internal/checksummer.go:24.16,26.3 1 0
github.com/paketo-buildpacks/dep-server/pkg/dependency/internal/checksummer.go:29.33,31.17 2 1
github.com/paketo-buildpacks/dep-server/pkg/dependency/internal/checksummer.go:35.3,36.17 2 1
github.com/paketo-buildpacks/dep-server/pkg/dependency/internal/checksummer.go:31.17,33.4 1 1
github.com/paketo-buildpacks/dep-server/pkg/dependency/internal/checksummer.go:36.17,38.4 1 1
github.com/paketo-buildpacks/dep-server/pkg/dependency/internal/checksummer.go:44.64,46.16 2 1
github.com/paketo-buildpacks/dep-server/pkg/dependency/internal/checksummer.go:50.2,50.30 1 1
github.com/paketo-buildpacks/dep-server/pkg/dependency/internal/checksummer.go:54.2,54.12 1 1
github.com/paketo-buildpacks/dep-server/pkg/dependency/internal/checksummer.go:46.16,48.3 1 0
github.com/paketo-buildpacks/dep-server/pkg/dependency/internal/checksummer.go:50.30,52.3 1 1
github.com/paketo-buildpacks/dep-server/pkg/dependency/internal/checksummer.go:57.65,59.16 2 1
github.com/paketo-buildpacks/dep-server/pkg/dependency/internal/checksummer.go:63.2,63.30 1 1
github.com/paketo-buildpacks/dep-server/pkg/dependency/internal/checksummer.go:67.2,67.12 1 1
github.com/paketo-buildpacks/dep-server/pkg/dependency/internal/checksummer.go:59.16,61.3 1 0
github.com/paketo-buildpacks/dep-server/pkg/dependency/internal/checksummer.go:63.30,65.3 1 1
github.com/paketo-buildpacks/dep-server/pkg/dependency/internal/checksummer.go:70.67,72.16 2 1
github.com/paketo-buildpacks/dep-server/pkg/dependency/internal/checksummer.go:76.2,76.30 1 1
github.com/paketo-buildpacks/dep-server/pkg/dependency/internal/checksummer.go:80.2,80.12 1 1
github.com/paketo-buildpacks/dep-server/pkg/dependency/internal/checksummer.go:72.16,74.3 1 0
github.com/paketo-buildpacks/dep-server/pkg/dependency/internal/checksummer.go:76.30,78.3 1 1
github.com/paketo-buildpacks/dep-server/pkg/dependency/internal/checksummer.go:83.67,85.16 2 1
github.com/paketo-buildpacks/dep-server/pkg/dependency/internal/checksummer.go:89.2,89.30 1 1
github.com/paketo-buildpacks/dep-server/pkg/dependency/internal/checksummer.go:93.2,93.12 1 1
github.com/paketo-buildpacks/dep-server/pkg/dependency/internal/checksummer.go:85.16,87.3 1 0
github.com/paketo-buildpacks/dep-server/pkg/dependency/internal/checksummer.go:89.30,91.3 1 1
github.com/paketo-buildpacks/dep-server/pkg/dependency/internal/checksummer.go:96.61,98.16 2 1
github.com/paketo-buildpacks/dep-server/pkg/dependency/internal/checksummer.go:101.2,105.16 4 1
github.com/paketo-buildpacks/dep-server/pkg/dependency/internal/checksummer.go:109.2,109.46 1 1
github.com/paketo-buildpacks/dep-server/pkg/dependency/internal/checksummer.go:98.16,100.3 1 0
github.com/paketo-buildpacks/dep-server/pkg/dependency/internal/checksummer.go:105.16,107.3 1 0
github.com/paketo-buildpacks/dep-server/pkg/dependency/internal/checksummer.go:112.61,114.16 2 1
github.com/paketo-buildpacks/dep-server/pkg/dependency/internal/checksummer.go:117.2,121.16 4 1
github.com/paketo-buildpacks/dep-server/pkg/dependency/internal/checksummer.go:125.2,125.46 1 1
github.com/paketo-buildpacks/dep-server/pkg/dependency/internal/checksummer.go:114.16,116.3 1 0
github.com/paketo-buildpacks/dep-server/pkg/dependency/internal/checksummer.go:121.16,123.3 1 0
github.com/paketo-buildpacks/dep-server/pkg/dependency/internal/checksummer.go:128.58,133.58 4 1
github.com/paketo-buildpacks/dep-server/pkg/dependency/internal/checksummer.go:146.2,146.13 1 1
github.com/paketo-buildpacks/dep-server/pkg/dependency/internal/checksummer.go:133.58,134.53 1 1
github.com/paketo-buildpacks/dep-server/pkg/dependency/internal/checksummer.go:134.53,137.4 2 1
github.com/paketo-buildpacks/dep-server/pkg/dependency/internal/checksummer.go:137.9,137.58 1 1
github.com/paketo-buildpacks/dep-server/pkg/dependency/internal/checksummer.go:137.58,141.4 3 1
github.com/paketo-buildpacks/dep-server/pkg/dependency/internal/checksummer.go:141.9,141.19 1 1
github.com/paketo-buildpacks/dep-server/pkg/dependency/internal/checksummer.go:141.19,143.4 1 1
github.com/paketo-buildpacks/dep-server/pkg/dependency/internal/checksummer.go:149.58,151.16 2 1
github.com/paketo-buildpacks/dep-server/pkg/dependency/internal/checksummer.go:154.2,158.16 4 1
github.com/paketo-buildpacks/dep-server/pkg/dependency/internal/checksummer.go:162.2,162.46 1 1
github.com/paketo-buildpacks/dep-server/pkg/dependency/internal/checksummer.go:151.16,153.3 1 0
github.com/paketo-buildpacks/dep-server/pkg/dependency/internal/checksummer.go:158.16,160.3 1 0
github.com/paketo-buildpacks/dep-server/pkg/dependency/internal/checksummer.go:165.59,167.16 2 1
github.com/paketo-buildpacks/dep-server/pkg/dependency/internal/checksummer.go:170.2,174.16 4 1
github.com/paketo-buildpacks/dep-server/pkg/dependency/internal/checksummer.go:178.2,178.46 1 1
github.com/paketo-buildpacks/dep-server/pkg/dependency/internal/checksummer.go:167.16,169.3 1 0
github.com/paketo-buildpacks/dep-server/pkg/dependency/internal/checksummer.go:174.16,176.3 1 0
github.com/paketo-buildpacks/dep-server/pkg/dependency/internal/file_system.go:7.33,9.2 1 0
github.com/paketo-buildpacks/dep-server/pkg/dependency/internal/file_system.go:11.64,13.2 1 0
github.com/paketo-buildpacks/dep-server/pkg/dependency/internal/github_client.go:93.82,98.2 1 1
github.com/paketo-buildpacks/dep-server/pkg/dependency/internal/github_client.go:100.81,103.6 3 1
github.com/paketo-buildpacks/dep-server/pkg/dependency/internal/github_client.go:137.2,137.25 1 1
github.com/paketo-buildpacks/dep-server/pkg/dependency/internal/github_client.go:103.6,108.17 2 1
github.com/paketo-buildpacks/dep-server/pkg/dependency/internal/github_client.go:112.3,114.17 3 1
github.com/paketo-buildpacks/dep-server/pkg/dependency/internal/github_client.go:118.3,118.25 1 1
github.com/paketo-buildpacks/dep-server/pkg/dependency/internal/github_client.go:122.3,124.36 2 1
github.com/paketo-buildpacks/dep-server/pkg/dependency/internal/github_client.go:108.17,110.4 1 0
github.com/paketo-buildpacks/dep-server/pkg/dependency/internal/github_client.go:114.17,116.4 1 0
github.com/paketo-buildpacks/dep-server/pkg/dependency/internal/github_client.go:118.25,119.9 1 1
github.com/paketo-buildpacks/dep-server/pkg/dependency/internal/github_client.go:124.36,125.43 1 1
github.com/paketo-buildpacks/dep-server/pkg/dependency/internal/github_client.go:129.4,133.6 1 1
github.com/paketo-buildpacks/dep-server/pkg/dependency/internal/github_client.go:125.43,126.13 1 1
github.com/paketo-buildpacks/dep-server/pkg/dependency/internal/github_client.go:140.67,162.16 3 1
github.com/paketo-buildpacks/dep-server/pkg/dependency/internal/github_client.go:166.2,171.16 2 1
github.com/paketo-buildpacks/dep-server/pkg/dependency/internal/github_client.go:175.2,177.16 3 1
github.com/paketo-buildpacks/dep-server/pkg/dependency/internal/github_client.go:181.2,182.63 2 1
github.com/paketo-buildpacks/dep-server/pkg/dependency/internal/github_client.go:186.2,186.18 1 1
github.com/paketo-buildpacks/dep-server/pkg/dependency/internal/github_client.go:162.16,164.3 1 0
github.com/paketo-buildpacks/dep-server/pkg/dependency/internal/github_client.go:171.16,173.3 1 0
github.com/paketo-buildpacks/dep-server/pkg/dependency/internal/github_client.go:177.16,179.3 1 0
github.com/paketo-buildpacks/dep-server/pkg/dependency/internal/github_client.go:182.63,184.3 1 1
github.com/paketo-buildpacks/dep-server/pkg/dependency/internal/github_client.go:189.89,191.16 2 1
github.com/paketo-buildpacks/dep-server/pkg/dependency/internal/github_client.go:195.2,200.16 2 1
github.com/paketo-buildpacks/dep-server/pkg/dependency/internal/github_client.go:204.2,204.27 1 1
github.com/paketo-buildpacks/dep-server/pkg/dependency/internal/github_client.go:191.16,193.3 1 1
github.com/paketo-buildpacks/dep-server/pkg/dependency/internal/github_client.go:200.16,202.3 1 0
github.com/paketo-buildpacks/dep-server/pkg/dependency/internal/github_client.go:207.106,209.16 2 1
github.com/paketo-buildpacks/dep-server/pkg/dependency/internal/github_client.go:213.2,219.16 2 1
github.com/paketo-buildpacks/dep-server/pkg/dependency/internal/github_client.go:223.2,223.22 1 1
github.com/paketo-buildpacks/dep-server/pkg/dependency/internal/github_client.go:209.16,211.3 1 1
github.com/paketo-buildpacks/dep-server/pkg/dependency/internal/github_client.go:219.16,221.3 1 0
github.com/paketo-buildpacks/dep-server/pkg/dependency/internal/github_client.go:226.96,235.16 3 1
github.com/paketo-buildpacks/dep-server/pkg/dependency/internal/github_client.go:239.2,239.22 1 1
github.com/paketo-buildpacks/dep-server/pkg/dependency/internal/github_client.go:235.16,237.3 1 0
github.com/paketo-buildpacks/dep-server/pkg/dependency/internal/github_client.go:242.84,247.16 2 1
github.com/paketo-buildpacks/dep-server/pkg/dependency/internal/github_client.go:251.2,253.16 3 1
github.com/paketo-buildpacks/dep-server/pkg/dependency/internal/github_client.go:257.2,261.16 2 1
github.com/paketo-buildpacks/dep-server/pkg/dependency/internal/github_client.go:265.2,268.41 3 1
github.com/paketo-buildpacks/dep-server/pkg/dependency/internal/github_client.go:286.2,290.8 1 1
github.com/paketo-buildpacks/dep-server/pkg/dependency/internal/github_client.go:247.16,249.3 1 0
github.com/paketo-buildpacks/dep-server/pkg/dependency/internal/github_client.go:253.16,255.3 1 0
github.com/paketo-buildpacks/dep-server/pkg/dependency/internal/github_client.go:261.16,263.3 1 0
github.com/paketo-buildpacks/dep-server/pkg/dependency/internal/github_client.go:268.41,271.17 3 1
github.com/paketo-buildpacks/dep-server/pkg/dependency/internal/github_client.go:274.3,275.52 2 1
github.com/paketo-buildpacks/dep-server/pkg/dependency/internal/github_client.go:271.17,273.4 1 0
github.com/paketo-buildpacks/dep-server/pkg/dependency/internal/github_client.go:276.8,279.17 3 1
github.com/paketo-buildpacks/dep-server/pkg/dependency/internal/github_client.go:282.3,283.55 2 1
github.com/paketo-buildpacks/dep-server/pkg/dependency/internal/github_client.go:279.17,281.4 1 0
github.com/paketo-buildpacks/dep-server/pkg/dependency/internal/github_client.go:293.81,298.16 2 1
github.com/paketo-buildpacks/dep-server/pkg/dependency/internal/github_client.go:302.2,304.16 3 1
github.com/paketo-buildpacks/dep-server/pkg/dependency/internal/github_client.go:308.2,308.42 1 1
github.com/paketo-buildpacks/dep-server/pkg/dependency/internal/github_client.go:298.16,300.3 1 0
github.com/paketo-buildpacks/dep-server/pkg/dependency/internal/github_client.go:304.16,306.3 1 0
github.com/paketo-buildpacks/dep-server/pkg/dependency/internal/github_client.go:311.92,316.16 2 1
github.com/paketo-buildpacks/dep-server/pkg/dependency/internal/github_client.go:320.2,322.16 3 1
github.com/paketo-buildpacks/dep-server/pkg/dependency/internal/github_client.go:326.2,327.39 2 1
github.com/paketo-buildpacks/dep-server/pkg/dependency/internal/github_client.go:334.2,334.20 1 1
github.com/paketo-buildpacks/dep-server/pkg/dependency/internal/github_client.go:338.2,338.22 1 1
github.com/paketo-buildpacks/dep-server/pkg/dependency/internal/github_client.go:316.16,318.3 1 0
github.com/paketo-buildpacks/dep-server/pkg/dependency/internal/github_client.go:322.16,324.3 1 0
github.com/paketo-buildpacks/dep-server/pkg/dependency/internal/github_client.go:327.39,328.30 1 1
github.com/paketo-buildpacks/dep-server/pkg/dependency/internal/github_client.go:328.30,330.9 2 1
github.com/paketo-buildpacks/dep-server/pkg/dependency/internal/github_client.go:334.20,336.3 1 1
github.com/paketo-buildpacks/dep-server/pkg/dependency/internal/web_client.go:17.31,26.2 1 1
github.com/paketo-buildpacks/dep-server/pkg/dependency/internal/web_client.go:30.83,32.16 2 1
github.com/paketo-buildpacks/dep-server/pkg/dependency/internal/web_client.go:35.2,38.16 3 1
github.com/paketo-buildpacks/dep-server/pkg/dependency/internal/web_client.go:41.2,44.16 3 1
github.com/paketo-buildpacks/dep-server/pkg/dependency/internal/web_client.go:48.2,48.12 1 1
github.com/paketo-buildpacks/dep-server/pkg/dependency/internal/web_client.go:32.16,34.3 1 1
github.com/paketo-buildpacks/dep-server/pkg/dependency/internal/web_client.go:38.16,40.3 1 0
github.com/paketo-buildpacks/dep-server/pkg/dependency/internal/web_client.go:44.16,46.3 1 0
github.com/paketo-buildpacks/dep-server/pkg/dependency/internal/web_client.go:51.78,53.16 2 1
github.com/paketo-buildpacks/dep-server/pkg/dependency/internal/web_client.go:56.2,59.16 3 1
github.com/paketo-buildpacks/dep-server/pkg/dependency/internal/web_client.go:62.2,62.18 1 1
github.com/paketo-buildpacks/dep-server/pkg/dependency/internal/web_client.go:53.16,55.3 1 1
github.com/paketo-buildpacks/dep-server/pkg/dependency/internal/web_client.go:59.16,61.3 1 0
github.com/paketo-buildpacks/dep-server/pkg/dependency/internal/web_client.go:65.99,67.16 2 1
github.com/paketo-buildpacks/dep-server/pkg/dependency/internal/web_client.go:70.2,73.16 3 1
github.com/paketo-buildpacks/dep-server/pkg/dependency/internal/web_client.go:76.2,76.18 1 1
github.com/paketo-buildpacks/dep-server/pkg/dependency/internal/web_client.go:67.16,69.3 1 1
github.com/paketo-buildpacks/dep-server/pkg/dependency/internal/web_client.go:73.16,75.3 1 0
github.com/paketo-buildpacks/dep-server/pkg/dependency/internal/web_client.go:79.51,80.31 1 1
github.com/paketo-buildpacks/dep-server/pkg/dependency/internal/web_client.go:80.31,80.60 1 1
github.com/paketo-buildpacks/dep-server/pkg/dependency/internal/web_client.go:83.124,85.16 2 1
github.com/paketo-buildpacks/dep-server/pkg/dependency/internal/web_client.go:89.2,89.33 1 1
github.com/paketo-buildpacks/dep-server/pkg/dependency/internal/web_client.go:93.2,94.16 2 1
github.com/paketo-buildpacks/dep-server/pkg/dependency/internal/web_client.go:98.2,98.42 1 1
github.com/paketo-buildpacks/dep-server/pkg/dependency/internal/web_client.go:103.2,103.27 1 1
github.com/paketo-buildpacks/dep-server/pkg/dependency/internal/web_client.go:85.16,87.3 1 0
github.com/paketo-buildpacks/dep-server/pkg/dependency/internal/web_client.go:89.33,91.3 1 1
github.com/paketo-buildpacks/dep-server/pkg/dependency/internal/web_client.go:94.16,96.3 1 0
github.com/paketo-buildpacks/dep-server/pkg/dependency/internal/web_client.go:98.42,101.3 2 1
github.com/paketo-buildpacks/dep-server/cmd/server/main.go:11.13,18.16 5 0
github.com/paketo-buildpacks/dep-server/cmd/server/main.go:22.2,28.16 5 0
github.com/paketo-buildpacks/dep-server/cmd/server/main.go:18.16,20.3 1 0
github.com/paketo-buildpacks/dep-server/cmd/server/main.go:28.16,29.13 1 0
github.com/paketo-buildpacks/dep-server/pkg/dependency/icu.go:27.52,29.16 2 1
github.com/paketo-buildpacks/dep-server/pkg/dependency/icu.go:33.2,33.37 1 1
github.com/paketo-buildpacks/dep-server/pkg/dependency/icu.go:37.2,37.43 1 1
github.com/paketo-buildpacks/dep-server/pkg/dependency/icu.go:44.2,45.35 2 1
github.com/paketo-buildpacks/dep-server/pkg/dependency/icu.go:49.2,49.22 1 1
github.com/paketo-buildpacks/dep-server/pkg/dependency/icu.go:29.16,31.3 1 0
github.com/paketo-buildpacks/dep-server/pkg/dependency/icu.go:33.37,35.3 1 1
github.com/paketo-buildpacks/dep-server/pkg/dependency/icu.go:37.43,38.57 1 1
github.com/paketo-buildpacks/dep-server/pkg/dependency/icu.go:41.3,41.51 1 1
github.com/paketo-buildpacks/dep-server/pkg/dependency/icu.go:38.57,40.4 1 1
github.com/paketo-buildpacks/dep-server/pkg/dependency/icu.go:45.35,47.3 1 1
github.com/paketo-buildpacks/dep-server/pkg/dependency/icu.go:52.71,54.16 2 1
github.com/paketo-buildpacks/dep-server/pkg/dependency/icu.go:58.2,58.35 1 1
github.com/paketo-buildpacks/dep-server/pkg/dependency/icu.go:67.2,67.75 1 0
github.com/paketo-buildpacks/dep-server/pkg/dependency/icu.go:54.16,56.3 1 0
github.com/paketo-buildpacks/dep-server/pkg/dependency/icu.go:58.35,59.47 1 1
github.com/paketo-buildpacks/dep-server/pkg/dependency/icu.go:59.47,61.18 2 1
github.com/paketo-buildpacks/dep-server/pkg/dependency/icu.go:64.4,64.26 1 1
github.com/paketo-buildpacks/dep-server/pkg/dependency/icu.go:61.18,63.5 1 1
github.com/paketo-buildpacks/dep-server/pkg/dependency/icu.go:70.65,72.16 2 1
github.com/paketo-buildpacks/dep-server/pkg/dependency/icu.go:76.2,76.35 1 1
github.com/paketo-buildpacks/dep-server/pkg/dependency/icu.go:82.2,82.66 1 0
github.com/paketo-buildpacks/dep-server/pkg/dependency/icu.go:72.16,74.3 1 0
github.com/paketo-buildpacks/dep-server/pkg/dependency/icu.go:76.35,77.47 1 1
github.com/paketo-buildpacks/dep-server/pkg/dependency/icu.go:77.47,79.4 1 1
github.com/paketo-buildpacks/dep-server/pkg/dependency/icu.go:85.106,87.16 2 1
github.com/paketo-buildpacks/dep-server/pkg/dependency/icu.go:90.2,95.16 5 1
github.com/paketo-buildpacks/dep-server/pkg/dependency/icu.go:98.2,102.16 4 1
github.com/paketo-buildpacks/dep-server/pkg/dependency/icu.go:109.2,110.16 2 1
github.com/paketo-buildpacks/dep-server/pkg/dependency/icu.go:114.2,116.16 3 1
github.com/paketo-buildpacks/dep-server/pkg/dependency/icu.go:120.2,122.16 3 1
github.com/paketo-buildpacks/dep-server/pkg/dependency/icu.go:129.2,130.16 2 1
github.com/paketo-buildpacks/dep-server/pkg/dependency/icu.go:134.2,135.16 2 1
github.com/paketo-buildpacks/dep-server/pkg/dependency/icu.go:139.2,140.16 2 1
github.com/paketo-buildpacks/dep-server/pkg/dependency/icu.go:144.2,153.8 1 1
github.com/paketo-buildpacks/dep-server/pkg/dependency/icu.go:87.16,89.3 1 0
github.com/paketo-buildpacks/dep-server/pkg/dependency/icu.go:95.16,97.3 1 0
github.com/paketo-buildpacks/dep-server/pkg/dependency/icu.go:102.16,103.74 1 1
github.com/paketo-buildpacks/dep-server/pkg/dependency/icu.go:106.3,106.75 1 0
github.com/paketo-buildpacks/dep-server/pkg/dependency/icu.go:103.74,105.4 1 1
github.com/paketo-buildpacks/dep-server/pkg/dependency/icu.go:110.16,112.3 1 0
github.com/paketo-buildpacks/dep-server/pkg/dependency/icu.go:116.16,118.3 1 0
github.com/paketo-buildpacks/dep-server/pkg/dependency/icu.go:122.16,123.74 1 0
github.com/paketo-buildpacks/dep-server/pkg/dependency/icu.go:126.3,126.87 1 0
github.com/paketo-buildpacks/dep-server/pkg/dependency/icu.go:123.74,125.4 1 0
github.com/paketo-buildpacks/dep-server/pkg/dependency/icu.go:130.16,132.3 1 0
github.com/paketo-buildpacks/dep-server/pkg/dependency/icu.go:135.16,137.3 1 0
github.com/paketo-buildpacks/dep-server/pkg/dependency/icu.go:140.16,142.3 1 0
github.com/paketo-buildpacks/dep-server/pkg/dependency/icu.go:156.42,160.2 3 1
github.com/paketo-buildpacks/dep-server/pkg/dependency/icu.go:162.49,165.2 2 1
github.com/paketo-buildpacks/dep-server/pkg/dependency/icu.go:167.42,170.2 2 1
github.com/paketo-buildpacks/dep-server/pkg/dependency/icu.go:172.65,174.16 2 1
github.com/paketo-buildpacks/dep-server/pkg/dependency/icu.go:178.2,186.35 3 1
github.com/paketo-buildpacks/dep-server/pkg/dependency/icu.go:191.2,191.28 1 1
github.com/paketo-buildpacks/dep-server/pkg/dependency/icu.go:174.16,176.3 1 0
github.com/paketo-buildpacks/dep-server/pkg/dependency/icu.go:186.35,187.37 1 1
github.com/paketo-buildpacks/dep-server/pkg/dependency/icu.go:187.37,189.4 1 1
github.com/paketo-buildpacks/dep-server/pkg/dependency/node.go:28.53,30.16 2 1
github.com/paketo-buildpacks/dep-server/pkg/dependency/node.go:34.2,34.53 1 1
github.com/paketo-buildpacks/dep-server/pkg/dependency/node.go:38.2,39.39 2 1
github.com/paketo-buildpacks/dep-server/pkg/dependency/node.go:43.2,43.22 1 1
github.com/paketo-buildpacks/dep-server/pkg/dependency/node.go:30.16,32.3 1 0
github.com/paketo-buildpacks/dep-server/pkg/dependency/node.go:34.53,36.3 1 1
github.com/paketo-buildpacks/dep-server/pkg/dependency/node.go:39.39,41.3 1 1
github.com/paketo-buildpacks/dep-server/pkg/dependency/node.go:46.72,48.16 2 1
github.com/paketo-buildpacks/dep-server/pkg/dependency/node.go:52.2,53.16 2 1
github.com/paketo-buildpacks/dep-server/pkg/dependency/node.go:57.2,57.39 1 1
github.com/paketo-buildpacks/dep-server/pkg/dependency/node.go:67.2,67.71 1 0
github.com/paketo-buildpacks/dep-server/pkg/dependency/node.go:48.16,50.3 1 0
github.com/paketo-buildpacks/dep-server/pkg/dependency/node.go:53.16,55.3 1 1
github.com/paketo-buildpacks/dep-server/pkg/dependency/node.go:57.39,58.33 1 1
github.com/paketo-buildpacks/dep-server/pkg/dependency/node.go:58.33,60.18 2 1
github.com/paketo-buildpacks/dep-server/pkg/dependency/node.go:63.4,63.26 1 1
github.com/paketo-buildpacks/dep-server/pkg/dependency/node.go:60.18,62.5 1 1
github.com/paketo-buildpacks/dep-server/pkg/dependency/node.go:70.66,72.16 2 1
github.com/paketo-buildpacks/dep-server/pkg/dependency/node.go:76.2,76.39 1 1
github.com/paketo-buildpacks/dep-server/pkg/dependency/node.go:86.2,86.79 1 0
github.com/paketo-buildpacks/dep-server/pkg/dependency/node.go:72.16,74.3 1 0
github.com/paketo-buildpacks/dep-server/pkg/dependency/node.go:76.39,77.33 1 1
github.com/paketo-buildpacks/dep-server/pkg/dependency/node.go:77.33,79.18 2 1
github.com/paketo-buildpacks/dep-server/pkg/dependency/node.go:82.4,82.28 1 1
github.com/paketo-buildpacks/dep-server/pkg/dependency/node.go:79.18,81.5 1 0
github.com/paketo-buildpacks/dep-server/pkg/dependency/node.go:89.55,91.16 2 1
github.com/paketo-buildpacks/dep-server/pkg/dependency/node.go:95.2,97.16 3 1
github.com/paketo-buildpacks/dep-server/pkg/dependency/node.go:101.2,101.26 1 1
github.com/paketo-buildpacks/dep-server/pkg/dependency/node.go:91.16,93.3 1 0
github.com/paketo-buildpacks/dep-server/pkg/dependency/node.go:97.16,99.3 1 0
github.com/paketo-buildpacks/dep-server/pkg/dependency/node.go:104.106,107.16 3 1
github.com/paketo-buildpacks/dep-server/pkg/dependency/node.go:111.2,112.16 2 1
github.com/paketo-buildpacks/dep-server/pkg/dependency/node.go:115.2,117.16 3 1
github.com/paketo-buildpacks/dep-server/pkg/dependency/node.go:121.2,130.8 1 1
github.com/paketo-buildpacks/dep-server/pkg/dependency/node.go:107.16,109.3 1 1
github.com/paketo-buildpacks/dep-server/pkg/dependency/node.go:112.16,114.3 1 0
github.com/paketo-buildpacks/dep-server/pkg/dependency/node.go:117.16,119.3 1 0
github.com/paketo-buildpacks/dep-server/pkg/dependency/node.go:133.61,135.16 2 1
github.com/paketo-buildpacks/dep-server/pkg/dependency/node.go:139.2,143.16 3 1
github.com/paketo-buildpacks/dep-server/pkg/dependency/node.go:147.2,147.29 1 1
github.com/paketo-buildpacks/dep-server/pkg/dependency/node.go:135.16,137.3 1 0
github.com/paketo-buildpacks/dep-server/pkg/dependency/node.go:143.16,145.3 1 1
github.com/paketo-buildpacks/dep-server/pkg/dependency/node.go:150.94,152.26 2 1
github.com/paketo-buildpacks/dep-server/pkg/dependency/node.go:155.2,156.9 2 1
github.com/paketo-buildpacks/dep-server/pkg/dependency/node.go:160.2,161.16 2 1
github.com/paketo-buildpacks/dep-server/pkg/dependency/node.go:165.2,165.25 1 1
github.com/paketo-buildpacks/dep-server/pkg/dependency/node.go:152.26,154.3 1 1
github.com/paketo-buildpacks/dep-server/pkg/dependency/node.go:156.9,158.3 1 1
github.com/paketo-buildpacks/dep-server/pkg/dependency/node.go:161.16,163.3 1 0
github.com/paketo-buildpacks/dep-server/pkg/dependency/node.go:168.64,170.16 2 1
github.com/paketo-buildpacks/dep-server/pkg/dependency/node.go:174.2,175.57 2 1
github.com/paketo-buildpacks/dep-server/pkg/dependency/node.go:180.2,180.25 1 1
github.com/paketo-buildpacks/dep-server/pkg/dependency/node.go:183.2,183.27 1 1
github.com/paketo-buildpacks/dep-server/pkg/dependency/node.go:170.16,172.3 1 0
github.com/paketo-buildpacks/dep-server/pkg/dependency/node.go:175.57,176.70 1 1
github.com/paketo-buildpacks/dep-server/pkg/dependency/node.go:176.70,178.4 1 1
github.com/paketo-buildpacks/dep-server/pkg/dependency/node.go:180.25,182.3 1 1
github.com/paketo-buildpacks/dep-server/pkg/dependency/node.go:186.52,188.2 1 1
github.com/paketo-buildpacks/dep-server/pkg/dependency/node.go:190.49,192.2 1 1
github.com/paketo-buildpacks/dep-server/pkg/dependency/pypi.go:30.53,32.16 2 1
github.com/paketo-buildpacks/dep-server/pkg/dependency/pypi.go:36.2,37.16 2 1
github.com/paketo-buildpacks/dep-server/pkg/dependency/pypi.go:41.2,42.35 2 1
github.com/paketo-buildpacks/dep-server/pkg/dependency/pypi.go:46.2,46.22 1 1
github.com/paketo-buildpacks/dep-server/pkg/dependency/pypi.go:32.16,34.3 1 0
github.com/paketo-buildpacks/dep-server/pkg/dependency/pypi.go:37.16,39.3 1 0
github.com/paketo-buildpacks/dep-server/pkg/dependency/pypi.go:42.35,44.3 1 1
github.com/paketo-buildpacks/dep-server/pkg/dependency/pypi.go:49.72,51.16 2 1
github.com/paketo-buildpacks/dep-server/pkg/dependency/pypi.go:55.2,55.35 1 1
github.com/paketo-buildpacks/dep-server/pkg/dependency/pypi.go:61.2,61.93 1 0
github.com/paketo-buildpacks/dep-server/pkg/dependency/pypi.go:51.16,53.3 1 1
github.com/paketo-buildpacks/dep-server/pkg/dependency/pypi.go:55.35,56.33 1 1
github.com/paketo-buildpacks/dep-server/pkg/dependency/pypi.go:56.33,58.4 1 1
github.com/paketo-buildpacks/dep-server/pkg/dependency/pypi.go:64.66,66.16 2 1
github.com/paketo-buildpacks/dep-server/pkg/dependency/pypi.go:70.2,70.35 1 1
github.com/paketo-buildpacks/dep-server/pkg/dependency/pypi.go:76.2,76.79 1 0
github.com/paketo-buildpacks/dep-server/pkg/dependency/pypi.go:66.16,68.3 1 0
github.com/paketo-buildpacks/dep-server/pkg/dependency/pypi.go:70.35,71.33 1 1
github.com/paketo-buildpacks/dep-server/pkg/dependency/pypi.go:71.33,73.4 1 1
github.com/paketo-buildpacks/dep-server/pkg/dependency/pypi.go:79.51,81.16 2 1
github.com/paketo-buildpacks/dep-server/pkg/dependency/pypi.go:85.2,94.16 3 1
github.com/paketo-buildpacks/dep-server/pkg/dependency/pypi.go:98.2,99.68 2 1
github.com/paketo-buildpacks/dep-server/pkg/dependency/pypi.go:139.2,139.22 1 1
github.com/paketo-buildpacks/dep-server/pkg/dependency/pypi.go:81.16,83.3 1 0
github.com/paketo-buildpacks/dep-server/pkg/dependency/pypi.go:94.16,96.3 1 0
github.com/paketo-buildpacks/dep-server/pkg/dependency/pypi.go:99.68,100.46 1 1
github.com/paketo-buildpacks/dep-server/pkg/dependency/pypi.go:100.46,101.74 1 1
github.com/paketo-buildpacks/dep-server/pkg/dependency/pypi.go:104.4,104.38 1 1
github.com/paketo-buildpacks/dep-server/pkg/dependency/pypi.go:108.4,109.18 2 1
github.com/paketo-buildpacks/dep-server/pkg/dependency/pypi.go:113.4,113.39 1 1
github.com/paketo-buildpacks/dep-server/pkg/dependency/pypi.go:117.4,118.30 2 1
github.com/paketo-buildpacks/dep-server/pkg/dependency/pypi.go:122.4,123.18 2 1
github.com/paketo-buildpacks/dep-server/pkg/dependency/pypi.go:127.4,135.6 1 1
github.com/paketo-buildpacks/dep-server/pkg/dependency/pypi.go:101.74,102.13 1 1
github.com/paketo-buildpacks/dep-server/pkg/dependency/pypi.go:104.38,105.13 1 1
github.com/paketo-buildpacks/dep-server/pkg/dependency/pypi.go:109.18,111.5 1 0
github.com/paketo-buildpacks/dep-server/pkg/dependency/pypi.go:113.39,115.5 1 1
github.com/paketo-buildpacks/dep-server/pkg/dependency/pypi.go:118.30,120.5 1 1
github.com/paketo-buildpacks/dep-server/pkg/dependency/pypi.go:123.18,125.5 1 0
github.com/paketo-buildpacks/dep-server/pkg/dependency/pypi.go:142.57,144.43 2 1
github.com/paketo-buildpacks/dep-server/pkg/dependency/pypi.go:161.2,161.16 1 1
github.com/paketo-buildpacks/dep-server/pkg/dependency/pypi.go:144.43,145.59 1 1
github.com/paketo-buildpacks/dep-server/pkg/dependency/pypi.go:149.3,150.17 2 1
github.com/paketo-buildpacks/dep-server/pkg/dependency/pypi.go:154.3,155.17 2 1
github.com/paketo-buildpacks/dep-server/pkg/dependency/pypi.go:159.3,159.38 1 1
github.com/paketo-buildpacks/dep-server/pkg/dependency/pypi.go:145.59,147.4 1 1
github.com/paketo-buildpacks/dep-server/pkg/dependency/pypi.go:150.17,153.4 2 0
github.com/paketo-buildpacks/dep-server/pkg/dependency/pypi.go:155.17,158.4 2 0
github.com/paketo-buildpacks/dep-server/pkg/dependency/tini.go:21.53,23.16 2 1
github.com/paketo-buildpacks/dep-server/pkg/dependency/tini.go:27.2,28.35 2 1
github.com/paketo-buildpacks/dep-server/pkg/dependency/tini.go:31.2,31.22 1 1
github.com/paketo-buildpacks/dep-server/pkg/dependency/tini.go:23.16,25.3 1 0
github.com/paketo-buildpacks/dep-server/pkg/dependency/tini.go:28.35,30.3 1 1
github.com/paketo-buildpacks/dep-server/pkg/dependency/tini.go:34.72,36.16 2 1
github.com/paketo-buildpacks/dep-server/pkg/dependency/tini.go:40.2,40.35 1 1
github.com/paketo-buildpacks/dep-server/pkg/dependency/tini.go:49.2,49.76 1 0
github.com/paketo-buildpacks/dep-server/pkg/dependency/tini.go:36.16,38.3 1 0
github.com/paketo-buildpacks/dep-server/pkg/dependency/tini.go:40.35,41.33 1 1
github.com/paketo-buildpacks/dep-server/pkg/dependency/tini.go:41.33,43.18 2 1
github.com/paketo-buildpacks/dep-server/pkg/dependency/tini.go:46.4,46.26 1 1
github.com/paketo-buildpacks/dep-server/pkg/dependency/tini.go:43.18,45.5 1 0
github.com/paketo-buildpacks/dep-server/pkg/dependency/tini.go:52.66,54.16 2 1
github.com/paketo-buildpacks/dep-server/pkg/dependency/tini.go:58.2,58.35 1 1
github.com/paketo-buildpacks/dep-server/pkg/dependency/tini.go:64.2,64.79 1 0
github.com/paketo-buildpacks/dep-server/pkg/dependency/tini.go:54.16,56.3 1 0
github.com/paketo-buildpacks/dep-server/pkg/dependency/tini.go:58.35,59.33 1 1
github.com/paketo-buildpacks/dep-server/pkg/dependency/tini.go:59.33,61.4 1 1
github.com/paketo-buildpacks/dep-server/pkg/dependency/tini.go:67.107,69.16 2 1
github.com/paketo-buildpacks/dep-server/pkg/dependency/tini.go:72.2,77.16 4 1
github.com/paketo-buildpacks/dep-server/pkg/dependency/tini.go:81.2,82.16 2 1
github.com/paketo-buildpacks/dep-server/pkg/dependency/tini.go:86.2,87.16 2 1
github.com/paketo-buildpacks/dep-server/pkg/dependency/tini.go:91.2,100.8 1 1
github.com/paketo-buildpacks/dep-server/pkg/dependency/tini.go:69.16,71.3 1 0
github.com/paketo-buildpacks/dep-server/pkg/dependency/tini.go:77.16,79.3 1 0
github.com/paketo-buildpacks/dep-server/pkg/dependency/tini.go:82.16,84.3 1 0
github.com/paketo-buildpacks/dep-server/pkg/dependency/tini.go:87.16,89.3 1 0
github.com/paketo-buildpacks/dep-server/pkg/dependency/yarn.go:37.53,39.16 2 1
github.com/paketo-buildpacks/dep-server/pkg/dependency/yarn.go:43.2,44.35 2 1
github.com/paketo-buildpacks/dep-server/pkg/dependency/yarn.go:59.2,59.22 1 1
github.com/paketo-buildpacks/dep-server/pkg/dependency/yarn.go:39.16,41.3 1 0
github.com/paketo-buildpacks/dep-server/pkg/dependency/yarn.go:44.35,47.17 3 1
github.com/paketo-buildpacks/dep-server/pkg/dependency/yarn.go:51.3,51.50 1 1
github.com/paketo-buildpacks/dep-server/pkg/dependency/yarn.go:54.3,54.33 1 1
github.com/paketo-buildpacks/dep-server/pkg/dependency/yarn.go:57.3,57.46 1 1
github.com/paketo-buildpacks/dep-server/pkg/dependency/yarn.go:47.17,49.4 1 0
github.com/paketo-buildpacks/dep-server/pkg/dependency/yarn.go:51.50,52.12 1 0
github.com/paketo-buildpacks/dep-server/pkg/dependency/yarn.go:54.33,55.12 1 1
github.com/paketo-buildpacks/dep-server/pkg/dependency/yarn.go:62.72,64.16 2 1
github.com/paketo-buildpacks/dep-server/pkg/dependency/yarn.go:68.2,68.35 1 1
github.com/paketo-buildpacks/dep-server/pkg/dependency/yarn.go:78.2,78.76 1 0
github.com/paketo-buildpacks/dep-server/pkg/dependency/yarn.go:64.16,66.3 1 0
github.com/paketo-buildpacks/dep-server/pkg/dependency/yarn.go:68.35,70.33 2 1
github.com/paketo-buildpacks/dep-server/pkg/dependency/yarn.go:70.33,72.18 2 1
github.com/paketo-buildpacks/dep-server/pkg/dependency/yarn.go:75.4,75.26 1 1
github.com/paketo-buildpacks/dep-server/pkg/dependency/yarn.go:72.18,74.5 1 1
github.com/paketo-buildpacks/dep-server/pkg/dependency/yarn.go:81.66,83.16 2 1
github.com/paketo-buildpacks/dep-server/pkg/dependency/yarn.go:87.2,87.35 1 1
github.com/paketo-buildpacks/dep-server/pkg/dependency/yarn.go:93.2,93.79 1 0
github.com/paketo-buildpacks/dep-server/pkg/dependency/yarn.go:83.16,85.3 1 0
github.com/paketo-buildpacks/dep-server/pkg/dependency/yarn.go:87.35,88.33 1 1
github.com/paketo-buildpacks/dep-server/pkg/dependency/yarn.go:88.33,90.4 1 1
github.com/paketo-buildpacks/dep-server/pkg/dependency/yarn.go:96.116,98.16 2 1
github.com/paketo-buildpacks/dep-server/pkg/dependency/yarn.go:102.2,103.16 2 1
github.com/paketo-buildpacks/dep-server/pkg/dependency/yarn.go:106.2,111.16 5 1
github.com/paketo-buildpacks/dep-server/pkg/dependency/yarn.go:118.2,119.16 2 1
github.com/paketo-buildpacks/dep-server/pkg/dependency/yarn.go:123.2,125.16 3 1
github.com/paketo-buildpacks/dep-server/pkg/dependency/yarn.go:129.2,131.16 3 1
github.com/paketo-buildpacks/dep-server/pkg/dependency/yarn.go:135.2,136.16 2 1
github.com/paketo-buildpacks/dep-server/pkg/dependency/yarn.go:140.2,141.16 2 1
github.com/paketo-buildpacks/dep-server/pkg/dependency/yarn.go:145.2,146.16 2 1
github.com/paketo-buildpacks/dep-server/pkg/dependency/yarn.go:150.2,159.8 1 1
github.com/paketo-buildpacks/dep-server/pkg/dependency/yarn.go:98.16,100.3 1 0
github.com/paketo-buildpacks/dep-server/pkg/dependency/yarn.go:103.16,105.3 1 0
github.com/paketo-buildpacks/dep-server/pkg/dependency/yarn.go:111.16,112.74 1 1
github.com/paketo-buildpacks/dep-server/pkg/dependency/yarn.go:115.3,115.75 1 0
github.com/paketo-buildpacks/dep-server/pkg/dependency/yarn.go:112.74,114.4 1 1
github.com/paketo-buildpacks/dep-server/pkg/dependency/yarn.go:119.16,121.3 1 0
github.com/paketo-buildpacks/dep-server/pkg/dependency/yarn.go:125.16,127.3 1 0
github.com/paketo-buildpacks/dep-server/pkg/dependency/yarn.go:131.16,133.3 1 0
github.com/paketo-buildpacks/dep-server/pkg/dependency/yarn.go:136.16,138.3 1 0
github.com/paketo-buildpacks/dep-server/pkg/dependency/yarn.go:141.16,143.3 1 0
github.com/paketo-buildpacks/dep-server/pkg/dependency/yarn.go:146.16,148.3 1 0
github.com/paketo-buildpacks/dep-server/pkg/dependency/composer.go:22.57,24.16 2 1
github.com/paketo-buildpacks/dep-server/pkg/dependency/composer.go:28.2,29.35 2 1
github.com/paketo-buildpacks/dep-server/pkg/dependency/composer.go:39.2,39.22 1 1
github.com/paketo-buildpacks/dep-server/pkg/dependency/composer.go:24.16,26.3 1 0
github.com/paketo-buildpacks/dep-server/pkg/dependency/composer.go:29.35,31.17 2 1
github.com/paketo-buildpacks/dep-server/pkg/dependency/composer.go:34.3,34.33 1 1
github.com/paketo-buildpacks/dep-server/pkg/dependency/composer.go:37.3,37.47 1 1
github.com/paketo-buildpacks/dep-server/pkg/dependency/composer.go:31.17,33.4 1 0
github.com/paketo-buildpacks/dep-server/pkg/dependency/composer.go:34.33,35.12 1 1
github.com/paketo-buildpacks/dep-server/pkg/dependency/composer.go:42.76,44.16 2 1
github.com/paketo-buildpacks/dep-server/pkg/dependency/composer.go:48.2,48.35 1 1
github.com/paketo-buildpacks/dep-server/pkg/dependency/composer.go:58.2,58.80 1 0
github.com/paketo-buildpacks/dep-server/pkg/dependency/composer.go:44.16,46.3 1 0
github.com/paketo-buildpacks/dep-server/pkg/dependency/composer.go:48.35,49.33 1 1
github.com/paketo-buildpacks/dep-server/pkg/dependency/composer.go:49.33,51.18 2 1
github.com/paketo-buildpacks/dep-server/pkg/dependency/composer.go:54.4,54.26 1 1
github.com/paketo-buildpacks/dep-server/pkg/dependency/composer.go:51.18,53.5 1 1
github.com/paketo-buildpacks/dep-server/pkg/dependency/composer.go:61.70,63.16 2 1
github.com/paketo-buildpacks/dep-server/pkg/dependency/composer.go:67.2,67.35 1 1
github.com/paketo-buildpacks/dep-server/pkg/dependency/composer.go:73.2,73.79 1 0
github.com/paketo-buildpacks/dep-server/pkg/dependency/composer.go:63.16,65.3 1 0
github.com/paketo-buildpacks/dep-server/pkg/dependency/composer.go:67.35,68.33 1 1
github.com/paketo-buildpacks/dep-server/pkg/dependency/composer.go:68.33,70.4 1 1
github.com/paketo-buildpacks/dep-server/pkg/dependency/composer.go:76.95,78.16 2 1
github.com/paketo-buildpacks/dep-server/pkg/dependency/composer.go:82.2,84.16 3 1
github.com/paketo-buildpacks/dep-server/pkg/dependency/composer.go:88.2,96.8 1 1
github.com/paketo-buildpacks/dep-server/pkg/dependency/composer.go:78.16,80.3 1 1
github.com/paketo-buildpacks/dep-server/pkg/dependency/composer.go:84.16,86.3 1 1
github.com/paketo-buildpacks/dep-server/pkg/dependency/composer.go:99.68,102.16 3 1
github.com/paketo-buildpacks/dep-server/pkg/dependency/composer.go:105.2,106.22 2 1
github.com/paketo-buildpacks/dep-server/pkg/dependency/composer.go:109.2,109.20 1 1
github.com/paketo-buildpacks/dep-server/pkg/dependency/composer.go:102.16,104.3 1 0
github.com/paketo-buildpacks/dep-server/pkg/dependency/composer.go:106.22,108.3 1 1
github.com/paketo-buildpacks/dep-server/pkg/dependency/composer.go:112.56,114.2 1 1
github.com/paketo-buildpacks/dep-server/pkg/dependency/composer.go:116.49,118.2 1 1
github.com/paketo-buildpacks/dep-server/pkg/dependency/dotnet_aspnetcore.go:18.65,24.2 1 1
github.com/paketo-buildpacks/dep-server/pkg/dependency/dotnet_aspnetcore.go:26.84,35.2 1 1
github.com/paketo-buildpacks/dep-server/pkg/dependency/dotnet_aspnetcore.go:37.78,43.2 1 1
github.com/paketo-buildpacks/dep-server/pkg/dependency/dotnet_aspnetcore.go:45.72,47.2 1 1
github.com/paketo-buildpacks/dep-server/pkg/dependency/dotnet_aspnetcore.go:49.105,50.43 1 1
github.com/paketo-buildpacks/dep-server/pkg/dependency/dotnet_aspnetcore.go:59.2,59.17 1 0
github.com/paketo-buildpacks/dep-server/pkg/dependency/dotnet_aspnetcore.go:50.43,51.51 1 1
github.com/paketo-buildpacks/dep-server/pkg/dependency/dotnet_aspnetcore.go:51.51,53.18 2 1
github.com/paketo-buildpacks/dep-server/pkg/dependency/dotnet_aspnetcore.go:56.4,56.28 1 1
github.com/paketo-buildpacks/dep-server/pkg/dependency/dotnet_aspnetcore.go:53.18,55.5 1 0
github.com/paketo-buildpacks/dep-server/pkg/dependency/dotnet_aspnetcore.go:62.113,63.43 1 1
github.com/paketo-buildpacks/dep-server/pkg/dependency/dotnet_aspnetcore.go:68.2,68.12 1 0
github.com/paketo-buildpacks/dep-server/pkg/dependency/dotnet_aspnetcore.go:63.43,64.51 1 1
github.com/paketo-buildpacks/dep-server/pkg/dependency/dotnet_aspnetcore.go:64.51,66.4 1 1
github.com/paketo-buildpacks/dep-server/pkg/dependency/dotnet_aspnetcore.go:71.89,73.2 1 1
github.com/paketo-buildpacks/dep-server/pkg/dependency/dotnet_aspnetcore.go:75.70,78.2 2 1
github.com/paketo-buildpacks/dep-server/pkg/dependency/dotnet_aspnetcore.go:80.75,82.2 1 1
github.com/paketo-buildpacks/dep-server/pkg/dependency/dotnet_runtime.go:20.62,26.2 1 1
github.com/paketo-buildpacks/dep-server/pkg/dependency/dotnet_runtime.go:28.81,37.2 1 1
github.com/paketo-buildpacks/dep-server/pkg/dependency/dotnet_runtime.go:39.75,45.2 1 1
github.com/paketo-buildpacks/dep-server/pkg/dependency/dotnet_runtime.go:47.69,49.2 1 1
github.com/paketo-buildpacks/dep-server/pkg/dependency/dotnet_runtime.go:51.102,52.43 1 1
github.com/paketo-buildpacks/dep-server/pkg/dependency/dotnet_runtime.go:61.2,61.17 1 0
github.com/paketo-buildpacks/dep-server/pkg/dependency/dotnet_runtime.go:52.43,53.41 1 1
github.com/paketo-buildpacks/dep-server/pkg/dependency/dotnet_runtime.go:53.41,55.18 2 1
github.com/paketo-buildpacks/dep-server/pkg/dependency/dotnet_runtime.go:58.4,58.28 1 1
github.com/paketo-buildpacks/dep-server/pkg/dependency/dotnet_runtime.go:55.18,57.5 1 0
github.com/paketo-buildpacks/dep-server/pkg/dependency/dotnet_runtime.go:64.110,65.43 1 1
github.com/paketo-buildpacks/dep-server/pkg/dependency/dotnet_runtime.go:70.2,70.12 1 0
github.com/paketo-buildpacks/dep-server/pkg/dependency/dotnet_runtime.go:65.43,66.41 1 1
github.com/paketo-buildpacks/dep-server/pkg/dependency/dotnet_runtime.go:66.41,68.4 1 1
github.com/paketo-buildpacks/dep-server/pkg/dependency/dotnet_runtime.go:73.86,75.2 1 1
github.com/paketo-buildpacks/dep-server/pkg/dependency/dotnet_runtime.go:77.67,79.16 2 1
github.com/paketo-buildpacks/dep-server/pkg/dependency/dotnet_runtime.go:83.2,84.57 2 1
github.com/paketo-buildpacks/dep-server/pkg/dependency/dotnet_runtime.go:87.2,87.90 1 1
github.com/paketo-buildpacks/dep-server/pkg/dependency/dotnet_runtime.go:79.16,81.3 1 0
github.com/paketo-buildpacks/dep-server/pkg/dependency/dotnet_runtime.go:84.57,86.3 1 1
github.com/paketo-buildpacks/dep-server/pkg/dependency/dotnet_runtime.go:90.72,92.2 1 1
github.com/paketo-buildpacks/dep-server/pkg/dependency/dotnet_sdk.go:20.58,26.2 1 1
github.com/paketo-buildpacks/dep-server/pkg/dependency/dotnet_sdk.go:28.77,37.2 1 1
github.com/paketo-buildpacks/dep-server/pkg/dependency/dotnet_sdk.go:39.71,45.2 1 1
github.com/paketo-buildpacks/dep-server/pkg/dependency/dotnet_sdk.go:47.106,48.43 1 1
github.com/paketo-buildpacks/dep-server/pkg/dependency/dotnet_sdk.go:59.2,59.12 1 0
github.com/paketo-buildpacks/dep-server/pkg/dependency/dotnet_sdk.go:48.43,49.37 1 1
github.com/paketo-buildpacks/dep-server/pkg/dependency/dotnet_sdk.go:53.3,53.36 1 1
github.com/paketo-buildpacks/dep-server/pkg/dependency/dotnet_sdk.go:49.37,51.4 1 1
github.com/paketo-buildpacks/dep-server/pkg/dependency/dotnet_sdk.go:53.36,54.30 1 1
github.com/paketo-buildpacks/dep-server/pkg/dependency/dotnet_sdk.go:54.30,56.5 1 1
github.com/paketo-buildpacks/dep-server/pkg/dependency/dotnet_sdk.go:62.98,63.43 1 1
github.com/paketo-buildpacks/dep-server/pkg/dependency/dotnet_sdk.go:82.2,82.17 1 0
github.com/paketo-buildpacks/dep-server/pkg/dependency/dotnet_sdk.go:63.43,64.37 1 1
github.com/paketo-buildpacks/dep-server/pkg/dependency/dotnet_sdk.go:72.3,72.36 1 1
github.com/paketo-buildpacks/dep-server/pkg/dependency/dotnet_sdk.go:64.37,66.18 2 1
github.com/paketo-buildpacks/dep-server/pkg/dependency/dotnet_sdk.go:69.4,69.28 1 1
github.com/paketo-buildpacks/dep-server/pkg/dependency/dotnet_sdk.go:66.18,68.5 1 0
github.com/paketo-buildpacks/dep-server/pkg/dependency/dotnet_sdk.go:72.36,73.30 1 1
github.com/paketo-buildpacks/dep-server/pkg/dependency/dotnet_sdk.go:73.30,75.19 2 1
github.com/paketo-buildpacks/dep-server/pkg/dependency/dotnet_sdk.go:78.5,78.29 1 1
github.com/paketo-buildpacks/dep-server/pkg/dependency/dotnet_sdk.go:75.19,77.6 1 0
github.com/paketo-buildpacks/dep-server/pkg/dependency/dotnet_sdk.go:85.82,87.35 2 1
github.com/paketo-buildpacks/dep-server/pkg/dependency/dotnet_sdk.go:90.2,90.17 1 1
github.com/paketo-buildpacks/dep-server/pkg/dependency/dotnet_sdk.go:87.35,89.3 1 1
github.com/paketo-buildpacks/dep-server/pkg/dependency/dotnet_sdk.go:93.65,109.63 2 1
github.com/paketo-buildpacks/dep-server/pkg/dependency/dotnet_sdk.go:113.2,113.60 1 1
github.com/paketo-buildpacks/dep-server/pkg/dependency/dotnet_sdk.go:109.63,111.3 1 1
github.com/paketo-buildpacks/dep-server/pkg/dependency/dotnet_sdk.go:116.63,118.16 2 1
github.com/paketo-buildpacks/dep-server/pkg/dependency/dotnet_sdk.go:122.2,123.57 2 1
github.com/paketo-buildpacks/dep-server/pkg/dependency/dotnet_sdk.go:126.2,126.90 1 1
github.com/paketo-buildpacks/dep-server/pkg/dependency/dotnet_sdk.go:118.16,120.3 1 0
github.com/paketo-buildpacks/dep-server/pkg/dependency/dotnet_sdk.go:123.57,125.3 1 1
github.com/paketo-buildpacks/dep-server/pkg/dependency/dotnet_sdk.go:129.68,137.2 3 1
github.com/paketo-buildpacks/dep-server/pkg/dependency/pecl.go:30.53,32.16 2 1
github.com/paketo-buildpacks/dep-server/pkg/dependency/pecl.go:36.2,37.43 2 1
github.com/paketo-buildpacks/dep-server/pkg/dependency/pecl.go:40.2,40.22 1 1
github.com/paketo-buildpacks/dep-server/pkg/dependency/pecl.go:32.16,34.3 1 0
github.com/paketo-buildpacks/dep-server/pkg/dependency/pecl.go:37.43,39.3 1 1
github.com/paketo-buildpacks/dep-server/pkg/dependency/pecl.go:43.72,45.16 2 1
github.com/paketo-buildpacks/dep-server/pkg/dependency/pecl.go:49.2,49.39 1 1
github.com/paketo-buildpacks/dep-server/pkg/dependency/pecl.go:85.2,85.26 1 0
github.com/paketo-buildpacks/dep-server/pkg/dependency/pecl.go:45.16,47.3 1 0
github.com/paketo-buildpacks/dep-server/pkg/dependency/pecl.go:49.39,50.37 1 1
github.com/paketo-buildpacks/dep-server/pkg/dependency/pecl.go:50.37,54.18 3 1
github.com/paketo-buildpacks/dep-server/pkg/dependency/pecl.go:58.4,60.18 3 1
github.com/paketo-buildpacks/dep-server/pkg/dependency/pecl.go:64.4,65.18 2 1
github.com/paketo-buildpacks/dep-server/pkg/dependency/pecl.go:69.4,70.18 2 1
github.com/paketo-buildpacks/dep-server/pkg/dependency/pecl.go:74.4,82.10 1 1
github.com/paketo-buildpacks/dep-server/pkg/dependency/pecl.go:54.18,56.5 1 0
github.com/paketo-buildpacks/dep-server/pkg/dependency/pecl.go:60.18,62.5 1 0
github.com/paketo-buildpacks/dep-server/pkg/dependency/pecl.go:65.18,67.5 1 0
github.com/paketo-buildpacks/dep-server/pkg/dependency/pecl.go:70.18,72.5 1 0
github.com/paketo-buildpacks/dep-server/pkg/dependency/pecl.go:88.66,90.16 2 1
github.com/paketo-buildpacks/dep-server/pkg/dependency/pecl.go:94.2,94.39 1 1
github.com/paketo-buildpacks/dep-server/pkg/dependency/pecl.go:99.2,99.17 1 0
github.com/paketo-buildpacks/dep-server/pkg/dependency/pecl.go:90.16,92.3 1 0
github.com/paketo-buildpacks/dep-server/pkg/dependency/pecl.go:94.39,95.37 1 1
github.com/paketo-buildpacks/dep-server/pkg/dependency/pecl.go:95.37,97.4 1 1
github.com/paketo-buildpacks/dep-server/pkg/dependency/pecl.go:102.52,104.16 2 1
github.com/paketo-buildpacks/dep-server/pkg/dependency/pecl.go:108.2,110.16 3 1
github.com/paketo-buildpacks/dep-server/pkg/dependency/pecl.go:114.2,117.34 3 1
github.com/paketo-buildpacks/dep-server/pkg/dependency/pecl.go:129.2,129.26 1 1
github.com/paketo-buildpacks/dep-server/pkg/dependency/pecl.go:104.16,106.3 1 0
github.com/paketo-buildpacks/dep-server/pkg/dependency/pecl.go:110.16,112.3 1 0
github.com/paketo-buildpacks/dep-server/pkg/dependency/pecl.go:117.34,120.36 2 1
github.com/paketo-buildpacks/dep-server/pkg/dependency/pecl.go:120.36,126.4 1 1
github.com/paketo-buildpacks/dep-server/pkg/dependency/bundler.go:24.56,26.16 2 1
github.com/paketo-buildpacks/dep-server/pkg/dependency/bundler.go:30.2,33.42 3 1
github.com/paketo-buildpacks/dep-server/pkg/dependency/bundler.go:40.2,40.22 1 1
github.com/paketo-buildpacks/dep-server/pkg/dependency/bundler.go:26.16,28.3 1 0
github.com/paketo-buildpacks/dep-server/pkg/dependency/bundler.go:33.42,34.39 1 1
github.com/paketo-buildpacks/dep-server/pkg/dependency/bundler.go:37.3,37.47 1 1
github.com/paketo-buildpacks/dep-server/pkg/dependency/bundler.go:34.39,35.12 1 1
github.com/paketo-buildpacks/dep-server/pkg/dependency/bundler.go:43.75,45.16 2 1
github.com/paketo-buildpacks/dep-server/pkg/dependency/bundler.go:49.2,52.16 3 1
github.com/paketo-buildpacks/dep-server/pkg/dependency/bundler.go:56.2,56.42 1 1
github.com/paketo-buildpacks/dep-server/pkg/dependency/bundler.go:75.2,75.71 1 0
github.com/paketo-buildpacks/dep-server/pkg/dependency/bundler.go:45.16,47.3 1 0
github.com/paketo-buildpacks/dep-server/pkg/dependency/bundler.go:52.16,54.3 1 0
github.com/paketo-buildpacks/dep-server/pkg/dependency/bundler.go:56.42,57.33 1 1
github.com/paketo-buildpacks/dep-server/pkg/dependency/bundler.go:57.33,59.18 2 1
github.com/paketo-buildpacks/dep-server/pkg/dependency/bundler.go:62.4,71.10 1 1
github.com/paketo-buildpacks/dep-server/pkg/dependency/bundler.go:59.18,61.5 1 0
github.com/paketo-buildpacks/dep-server/pkg/dependency/bundler.go:78.69,80.16 2 1
github.com/paketo-buildpacks/dep-server/pkg/dependency/bundler.go:84.2,84.42 1 1
github.com/paketo-buildpacks/dep-server/pkg/dependency/bundler.go:94.2,94.79 1 0
github.com/paketo-buildpacks/dep-server/pkg/dependency/bundler.go:80.16,82.3 1 0
github.com/paketo-buildpacks/dep-server/pkg/dependency/bundler.go:84.42,85.33 1 1
github.com/paketo-buildpacks/dep-server/pkg/dependency/bundler.go:85.33,87.18 2 1
github.com/paketo-buildpacks/dep-server/pkg/dependency/bundler.go:90.4,90.28 1 1
github.com/paketo-buildpacks/dep-server/pkg/dependency/bundler.go:87.18,89.5 1 0
github.com/paketo-buildpacks/dep-server/pkg/dependency/bundler.go:97.61,99.16 2 1
github.com/paketo-buildpacks/dep-server/pkg/dependency/bundler.go:103.2,105.16 3 1
github.com/paketo-buildpacks/dep-server/pkg/dependency/bundler.go:109.2,109.29 1 1
github.com/paketo-buildpacks/dep-server/pkg/dependency/bundler.go:99.16,101.3 1 0
github.com/paketo-buildpacks/dep-server/pkg/dependency/bundler.go:105.16,107.3 1 0
github.com/paketo-buildpacks/dep-server/pkg/dependency/bundler.go:112.58,114.2 1 1
github.com/paketo-buildpacks/dep-server/pkg/dependency/dotnet.go:80.55,82.16 2 1
github.com/paketo-buildpacks/dep-server/pkg/dependency/dotnet.go:86.2,87.49 2 1
github.com/paketo-buildpacks/dep-server/pkg/dependency/dotnet.go:96.2,97.16 2 1
github.com/paketo-buildpacks/dep-server/pkg/dependency/dotnet.go:101.2,101.28 1 1
github.com/paketo-buildpacks/dep-server/pkg/dependency/dotnet.go:82.16,84.3 1 0
github.com/paketo-buildpacks/dep-server/pkg/dependency/dotnet.go:87.49,89.17 2 1
github.com/paketo-buildpacks/dep-server/pkg/dependency/dotnet.go:93.3,93.53 1 1
github.com/paketo-buildpacks/dep-server/pkg/dependency/dotnet.go:89.17,91.4 1 0
github.com/paketo-buildpacks/dep-server/pkg/dependency/dotnet.go:97.16,99.3 1 0
github.com/paketo-buildpacks/dep-server/pkg/dependency/dotnet.go:104.74,106.16 2 1
github.com/paketo-buildpacks/dep-server/pkg/dependency/dotnet.go:110.2,111.16 2 1
github.com/paketo-buildpacks/dep-server/pkg/dependency/dotnet.go:115.2,116.16 2 1
github.com/paketo-buildpacks/dep-server/pkg/dependency/dotnet.go:120.2,121.16 2 1
github.com/paketo-buildpacks/dep-server/pkg/dependency/dotnet.go:125.2,126.16 2 1
github.com/paketo-buildpacks/dep-server/pkg/dependency/dotnet.go:130.2,131.16 2 1
github.com/paketo-buildpacks/dep-server/pkg/dependency/dotnet.go:135.2,144.27 2 1
github.com/paketo-buildpacks/dep-server/pkg/dependency/dotnet.go:151.2,151.24 1 1
github.com/paketo-buildpacks/dep-server/pkg/dependency/dotnet.go:106.16,108.3 1 0
github.com/paketo-buildpacks/dep-server/pkg/dependency/dotnet.go:111.16,113.3 1 1
github.com/paketo-buildpacks/dep-server/pkg/dependency/dotnet.go:116.16,118.3 1 0
github.com/paketo-buildpacks/dep-server/pkg/dependency/dotnet.go:121.16,123.3 1 0
github.com/paketo-buildpacks/dep-server/pkg/dependency/dotnet.go:126.16,128.3 1 0
github.com/paketo-buildpacks/dep-server/pkg/dependency/dotnet.go:131.16,133.3 1 0
github.com/paketo-buildpacks/dep-server/pkg/dependency/dotnet.go:144.27,146.17 2 1
github.com/paketo-buildpacks/dep-server/pkg/dependency/dotnet.go:149.3,149.48 1 1
github.com/paketo-buildpacks/dep-server/pkg/dependency/dotnet.go:146.17,148.4 1 0
github.com/paketo-buildpacks/dep-server/pkg/dependency/dotnet.go:154.68,156.16 2 1
github.com/paketo-buildpacks/dep-server/pkg/dependency/dotnet.go:160.2,160.54 1 1
github.com/paketo-buildpacks/dep-server/pkg/dependency/dotnet.go:156.16,158.3 1 0
github.com/paketo-buildpacks/dep-server/pkg/dependency/dotnet.go:163.59,165.16 2 1
github.com/paketo-buildpacks/dep-server/pkg/dependency/dotnet.go:169.2,175.16 3 1
github.com/paketo-buildpacks/dep-server/pkg/dependency/dotnet.go:179.2,180.49 2 1
github.com/paketo-buildpacks/dep-server/pkg/dependency/dotnet.go:183.2,183.29 1 1
github.com/paketo-buildpacks/dep-server/pkg/dependency/dotnet.go:165.16,167.3 1 0
github.com/paketo-buildpacks/dep-server/pkg/dependency/dotnet.go:175.16,177.3 1 0
github.com/paketo-buildpacks/dep-server/pkg/dependency/dotnet.go:180.49,182.3 1 1
github.com/paketo-buildpacks/dep-server/pkg/dependency/dotnet.go:186.80,188.16 2 1
github.com/paketo-buildpacks/dep-server/pkg/dependency/dotnet.go:192.2,194.50 3 1
github.com/paketo-buildpacks/dep-server/pkg/dependency/dotnet.go:217.2,217.22 1 1
github.com/paketo-buildpacks/dep-server/pkg/dependency/dotnet.go:188.16,190.3 1 0
github.com/paketo-buildpacks/dep-server/pkg/dependency/dotnet.go:194.50,198.46 3 1
github.com/paketo-buildpacks/dep-server/pkg/dependency/dotnet.go:198.46,199.69 1 1
github.com/paketo-buildpacks/dep-server/pkg/dependency/dotnet.go:202.4,203.18 2 1
github.com/paketo-buildpacks/dep-server/pkg/dependency/dotnet.go:206.4,206.40 1 1
github.com/paketo-buildpacks/dep-server/pkg/dependency/dotnet.go:210.4,210.53 1 1
github.com/paketo-buildpacks/dep-server/pkg/dependency/dotnet.go:199.69,200.13 1 1
github.com/paketo-buildpacks/dep-server/pkg/dependency/dotnet.go:203.18,205.5 1 0
github.com/paketo-buildpacks/dep-server/pkg/dependency/dotnet.go:206.40,207.13 1 1
github.com/paketo-buildpacks/dep-server/pkg/dependency/dotnet.go:210.53,213.5 2 1
github.com/paketo-buildpacks/dep-server/pkg/dependency/dotnet.go:220.67,224.16 3 1
github.com/paketo-buildpacks/dep-server/pkg/dependency/dotnet.go:228.2,230.16 3 1
github.com/paketo-buildpacks/dep-server/pkg/dependency/dotnet.go:234.2,234.21 1 1
github.com/paketo-buildpacks/dep-server/pkg/dependency/dotnet.go:224.16,226.3 1 0
github.com/paketo-buildpacks/dep-server/pkg/dependency/dotnet.go:230.16,232.3 1 0
github.com/paketo-buildpacks/dep-server/pkg/dependency/dotnet.go:237.74,239.43 2 1
github.com/paketo-buildpacks/dep-server/pkg/dependency/dotnet.go:256.2,256.20 1 1
github.com/paketo-buildpacks/dep-server/pkg/dependency/dotnet.go:260.2,262.35 3 1
github.com/paketo-buildpacks/dep-server/pkg/dependency/dotnet.go:269.2,269.28 1 1
github.com/paketo-buildpacks/dep-server/pkg/dependency/dotnet.go:239.43,240.57 1 1
github.com/paketo-buildpacks/dep-server/pkg/dependency/dotnet.go:244.3,245.17 2 1
github.com/paketo-buildpacks/dep-server/pkg/dependency/dotnet.go:249.3,250.17 2 1
github.com/paketo-buildpacks/dep-server/pkg/dependency/dotnet.go:254.3,254.35 1 1
github.com/paketo-buildpacks/dep-server/pkg/dependency/dotnet.go:240.57,242.4 1 1
github.com/paketo-buildpacks/dep-server/pkg/dependency/dotnet.go:245.17,248.4 2 0
github.com/paketo-buildpacks/dep-server/pkg/dependency/dotnet.go:250.17,253.4 2 0
github.com/paketo-buildpacks/dep-server/pkg/dependency/dotnet.go:256.20,258.3 1 0
github.com/paketo-buildpacks/dep-server/pkg/dependency/dotnet.go:262.35,263.60 1 1
github.com/paketo-buildpacks/dep-server/pkg/dependency/dotnet.go:263.60,266.4 2 1
github.com/paketo-buildpacks/dep-server/pkg/dependency/dotnet.go:272.105,274.29 2 1
github.com/paketo-buildpacks/dep-server/pkg/dependency/dotnet.go:279.2,279.29 1 1
github.com/paketo-buildpacks/dep-server/pkg/dependency/dotnet.go:285.2,285.79 1 1
github.com/paketo-buildpacks/dep-server/pkg/dependency/dotnet.go:274.29,275.37 1 1
github.com/paketo-buildpacks/dep-server/pkg/dependency/dotnet.go:275.37,277.4 1 1
github.com/paketo-buildpacks/dep-server/pkg/dependency/dotnet.go:279.29,280.38 1 1
github.com/paketo-buildpacks/dep-server/pkg/dependency/dotnet.go:280.38,282.4 1 1
github.com/paketo-buildpacks/dep-server/pkg/dependency/dotnet.go:288.82,289.26 1 1
github.com/paketo-buildpacks/dep-server/pkg/dependency/dotnet.go:293.2,294.16 2 1
github.com/paketo-buildpacks/dep-server/pkg/dependency/dotnet.go:297.2,301.16 4 1
github.com/paketo-buildpacks/dep-server/pkg/dependency/dotnet.go:305.2,305.21 1 1
github.com/paketo-buildpacks/dep-server/pkg/dependency/dotnet.go:312.2,313.16 2 1
github.com/paketo-buildpacks/dep-server/pkg/dependency/dotnet.go:317.2,317.20 1 1
github.com/paketo-buildpacks/dep-server/pkg/dependency/dotnet.go:289.26,291.3 1 1
github.com/paketo-buildpacks/dep-server/pkg/dependency/dotnet.go:294.16,296.3 1 0
github.com/paketo-buildpacks/dep-server/pkg/dependency/dotnet.go:301.16,303.3 1 0
github.com/paketo-buildpacks/dep-server/pkg/dependency/dotnet.go:305.21,307.17 2 1
github.com/paketo-buildpacks/dep-server/pkg/dependency/dotnet.go:307.17,309.4 1 0
github.com/paketo-buildpacks/dep-server/pkg/dependency/dotnet.go:313.16,315.3 1 0
github.com/paketo-buildpacks/dep-server/pkg/dependency/go.go:40.51,42.16 2 1
github.com/paketo-buildpacks/dep-server/pkg/dependency/go.go:46.2,46.51 1 1
github.com/paketo-buildpacks/dep-server/pkg/dependency/go.go:50.2,51.37 2 1
github.com/paketo-buildpacks/dep-server/pkg/dependency/go.go:55.2,55.22 1 1
github.com/paketo-buildpacks/dep-server/pkg/dependency/go.go:42.16,44.3 1 0
github.com/paketo-buildpacks/dep-server/pkg/dependency/go.go:46.51,48.3 1 1
github.com/paketo-buildpacks/dep-server/pkg/dependency/go.go:51.37,53.3 1 1
github.com/paketo-buildpacks/dep-server/pkg/dependency/go.go:58.70,60.16 2 1
github.com/paketo-buildpacks/dep-server/pkg/dependency/go.go:64.2,65.16 2 1
github.com/paketo-buildpacks/dep-server/pkg/dependency/go.go:69.2,70.16 2 1
github.com/paketo-buildpacks/dep-server/pkg/dependency/go.go:74.2,77.16 3 1
github.com/paketo-buildpacks/dep-server/pkg/dependency/go.go:81.2,90.8 1 1
github.com/paketo-buildpacks/dep-server/pkg/dependency/go.go:60.16,62.3 1 0
github.com/paketo-buildpacks/dep-server/pkg/dependency/go.go:65.16,67.3 1 0
github.com/paketo-buildpacks/dep-server/pkg/dependency/go.go:70.16,72.3 1 1
github.com/paketo-buildpacks/dep-server/pkg/dependency/go.go:77.16,79.3 1 0
github.com/paketo-buildpacks/dep-server/pkg/dependency/go.go:93.64,95.16 2 1
github.com/paketo-buildpacks/dep-server/pkg/dependency/go.go:99.2,102.20 3 1
github.com/paketo-buildpacks/dep-server/pkg/dependency/go.go:106.2,107.16 2 1
github.com/paketo-buildpacks/dep-server/pkg/dependency/go.go:111.2,111.26 1 1
github.com/paketo-buildpacks/dep-server/pkg/dependency/go.go:95.16,97.3 1 0
github.com/paketo-buildpacks/dep-server/pkg/dependency/go.go:102.20,104.3 1 1
github.com/paketo-buildpacks/dep-server/pkg/dependency/go.go:107.16,109.3 1 0
github.com/paketo-buildpacks/dep-server/pkg/dependency/go.go:114.93,117.35 3 1
github.com/paketo-buildpacks/dep-server/pkg/dependency/go.go:128.2,128.15 1 1
github.com/paketo-buildpacks/dep-server/pkg/dependency/go.go:132.2,132.15 1 1
github.com/paketo-buildpacks/dep-server/pkg/dependency/go.go:136.2,136.17 1 1
github.com/paketo-buildpacks/dep-server/pkg/dependency/go.go:117.35,118.33 1 1
github.com/paketo-buildpacks/dep-server/pkg/dependency/go.go:118.33,119.39 1 1
github.com/paketo-buildpacks/dep-server/pkg/dependency/go.go:119.39,120.30 1 1
github.com/paketo-buildpacks/dep-server/pkg/dependency/go.go:120.30,123.6 2 1
github.com/paketo-buildpacks/dep-server/pkg/dependency/go.go:128.15,130.3 1 1
github.com/paketo-buildpacks/dep-server/pkg/dependency/go.go:132.15,134.3 1 1
github.com/paketo-buildpacks/dep-server/pkg/dependency/go.go:139.68,141.16 2 1
github.com/paketo-buildpacks/dep-server/pkg/dependency/go.go:144.2,150.16 5 1
github.com/paketo-buildpacks/dep-server/pkg/dependency/go.go:154.2,155.16 2 1
github.com/paketo-buildpacks/dep-server/pkg/dependency/go.go:159.2,159.20 1 1
github.com/paketo-buildpacks/dep-server/pkg/dependency/go.go:141.16,143.3 1 0
github.com/paketo-buildpacks/dep-server/pkg/dependency/go.go:150.16,152.3 1 0
github.com/paketo-buildpacks/dep-server/pkg/dependency/go.go:155.16,157.3 1 0
github.com/paketo-buildpacks/dep-server/pkg/dependency/go.go:162.50,164.16 2 1
github.com/paketo-buildpacks/dep-server/pkg/dependency/go.go:168.2,172.32 4 1
github.com/paketo-buildpacks/dep-server/pkg/dependency/go.go:179.2,179.49 1 1
github.com/paketo-buildpacks/dep-server/pkg/dependency/go.go:164.16,166.3 1 0
github.com/paketo-buildpacks/dep-server/pkg/dependency/go.go:172.32,177.3 1 1
github.com/paketo-buildpacks/dep-server/pkg/dependency/go.go:182.86,184.16 2 1
github.com/paketo-buildpacks/dep-server/pkg/dependency/go.go:188.2,189.44 2 1
github.com/paketo-buildpacks/dep-server/pkg/dependency/go.go:193.2,194.38 2 1
github.com/paketo-buildpacks/dep-server/pkg/dependency/go.go:200.2,200.28 1 1
github.com/paketo-buildpacks/dep-server/pkg/dependency/go.go:184.16,186.3 1 0
github.com/paketo-buildpacks/dep-server/pkg/dependency/go.go:189.44,191.3 1 1
github.com/paketo-buildpacks/dep-server/pkg/dependency/go.go:194.38,195.42 1 1
github.com/paketo-buildpacks/dep-server/pkg/dependency/go.go:195.42,197.4 1 1
github.com/paketo-buildpacks/dep-server/pkg/dependency/go.go:203.68,205.16 2 1
github.com/paketo-buildpacks/dep-server/pkg/dependency/go.go:209.2,211.16 3 1
github.com/paketo-buildpacks/dep-server/pkg/dependency/go.go:215.2,215.33 1 1
github.com/paketo-buildpacks/dep-server/pkg/dependency/go.go:205.16,207.3 1 0
github.com/paketo-buildpacks/dep-server/pkg/dependency/go.go:211.16,213.3 1 0
github.com/paketo-buildpacks/dep-server/pkg/dependency/go.go:218.50,220.2 1 1
github.com/paketo-buildpacks/dep-server/pkg/dependency/httpd.go:34.54,36.16 2 1
github.com/paketo-buildpacks/dep-server/pkg/dependency/httpd.go:40.2,41.16 2 1
github.com/paketo-buildpacks/dep-server/pkg/dependency/httpd.go:45.2,46.35 2 1
github.com/paketo-buildpacks/dep-server/pkg/dependency/httpd.go:50.2,50.22 1 1
github.com/paketo-buildpacks/dep-server/pkg/dependency/httpd.go:36.16,38.3 1 0
github.com/paketo-buildpacks/dep-server/pkg/dependency/httpd.go:41.16,43.3 1 0
github.com/paketo-buildpacks/dep-server/pkg/dependency/httpd.go:46.35,48.3 1 1
github.com/paketo-buildpacks/dep-server/pkg/dependency/httpd.go:53.73,55.16 2 1
github.com/paketo-buildpacks/dep-server/pkg/dependency/httpd.go:59.2,60.16 2 1
github.com/paketo-buildpacks/dep-server/pkg/dependency/httpd.go:64.2,66.16 3 1
github.com/paketo-buildpacks/dep-server/pkg/dependency/httpd.go:70.2,78.8 1 1
github.com/paketo-buildpacks/dep-server/pkg/dependency/httpd.go:55.16,57.3 1 0
github.com/paketo-buildpacks/dep-server/pkg/dependency/httpd.go:60.16,62.3 1 1
github.com/paketo-buildpacks/dep-server/pkg/dependency/httpd.go:66.16,68.3 1 0
github.com/paketo-buildpacks/dep-server/pkg/dependency/httpd.go:81.67,83.16 2 1
github.com/paketo-buildpacks/dep-server/pkg/dependency/httpd.go:86.2,86.34 1 1
github.com/paketo-buildpacks/dep-server/pkg/dependency/httpd.go:83.16,85.3 1 0
github.com/paketo-buildpacks/dep-server/pkg/dependency/httpd.go:89.65,91.16 2 1
github.com/paketo-buildpacks/dep-server/pkg/dependency/httpd.go:94.2,94.24 1 1
github.com/paketo-buildpacks/dep-server/pkg/dependency/httpd.go:98.2,98.25 1 1
github.com/paketo-buildpacks/dep-server/pkg/dependency/httpd.go:91.16,93.3 1 0
github.com/paketo-buildpacks/dep-server/pkg/dependency/httpd.go:94.24,96.3 1 0
github.com/paketo-buildpacks/dep-server/pkg/dependency/httpd.go:101.74,103.25 2 1
github.com/paketo-buildpacks/dep-server/pkg/dependency/httpd.go:107.2,108.16 2 1
github.com/paketo-buildpacks/dep-server/pkg/dependency/httpd.go:112.2,115.57 3 1
github.com/paketo-buildpacks/dep-server/pkg/dependency/httpd.go:138.2,138.22 1 1
github.com/paketo-buildpacks/dep-server/pkg/dependency/httpd.go:103.25,105.3 1 1
github.com/paketo-buildpacks/dep-server/pkg/dependency/httpd.go:108.16,110.3 1 0
github.com/paketo-buildpacks/dep-server/pkg/dependency/httpd.go:115.57,117.24 2 1
github.com/paketo-buildpacks/dep-server/pkg/dependency/httpd.go:121.3,124.17 3 1
github.com/paketo-buildpacks/dep-server/pkg/dependency/httpd.go:128.3,135.5 1 1
github.com/paketo-buildpacks/dep-server/pkg/dependency/httpd.go:117.24,118.12 1 1
github.com/paketo-buildpacks/dep-server/pkg/dependency/httpd.go:124.17,126.4 1 0
github.com/paketo-buildpacks/dep-server/pkg/dependency/httpd.go:141.53,143.2 1 1
github.com/paketo-buildpacks/dep-server/pkg/dependency/httpd.go:145.63,147.2 1 1
github.com/paketo-buildpacks/dep-server/pkg/dependency/httpd.go:149.61,151.2 1 1
github.com/paketo-buildpacks/dep-server/pkg/dependency/httpd.go:153.60,155.2 1 1
github.com/paketo-buildpacks/dep-server/pkg/dependency/httpd.go:157.82,159.47 2 1
github.com/paketo-buildpacks/dep-server/pkg/dependency/httpd.go:162.2,162.11 1 1
github.com/paketo-buildpacks/dep-server/pkg/dependency/httpd.go:159.47,161.3 1 1
github.com/paketo-buildpacks/dep-server/pkg/dependency/httpd.go:165.60,168.43 2 1
github.com/paketo-buildpacks/dep-server/pkg/dependency/httpd.go:188.2,188.16 1 1
github.com/paketo-buildpacks/dep-server/pkg/dependency/httpd.go:168.43,169.57 1 1
github.com/paketo-buildpacks/dep-server/pkg/dependency/httpd.go:173.3,176.21 3 1
github.com/paketo-buildpacks/dep-server/pkg/dependency/httpd.go:180.3,181.21 2 1
github.com/paketo-buildpacks/dep-server/pkg/dependency/httpd.go:185.3,185.28 1 1
github.com/paketo-buildpacks/dep-server/pkg/dependency/httpd.go:169.57,171.4 1 1
github.com/paketo-buildpacks/dep-server/pkg/dependency/httpd.go:176.21,178.4 1 0
github.com/paketo-buildpacks/dep-server/pkg/dependency/httpd.go:181.21,183.4 1 0
github.com/paketo-buildpacks/dep-server/pkg/dependency/httpd.go:191.74,192.136 1 1
github.com/paketo-buildpacks/dep-server/pkg/dependency/httpd.go:196.2,196.29 1 1
github.com/paketo-buildpacks/dep-server/pkg/dependency/httpd.go:205.2,206.16 2 1
github.com/paketo-buildpacks/dep-server/pkg/dependency/httpd.go:209.2,214.16 4 1
github.com/paketo-buildpacks/dep-server/pkg/dependency/httpd.go:218.2,219.16 2 1
github.com/paketo-buildpacks/dep-server/pkg/dependency/httpd.go:223.2,224.16 2 1
github.com/paketo-buildpacks/dep-server/pkg/dependency/httpd.go:228.2,228.20 1 1
github.com/paketo-buildpacks/dep-server/pkg/dependency/httpd.go:192.136,194.3 1 1
github.com/paketo-buildpacks/dep-server/pkg/dependency/httpd.go:196.29,198.17 2 1
github.com/paketo-buildpacks/dep-server/pkg/dependency/httpd.go:202.3,202.58 1 1
github.com/paketo-buildpacks/dep-server/pkg/dependency/httpd.go:198.17,200.4 1 0
github.com/paketo-buildpacks/dep-server/pkg/dependency/httpd.go:206.16,208.3 1 0
github.com/paketo-buildpacks/dep-server/pkg/dependency/httpd.go:214.16,216.3 1 0
github.com/paketo-buildpacks/dep-server/pkg/dependency/httpd.go:219.16,221.3 1 0
github.com/paketo-buildpacks/dep-server/pkg/dependency/httpd.go:224.16,226.3 1 0
github.com/paketo-buildpacks/dep-server/pkg/dependency/httpd.go:231.82,232.59 1 1
github.com/paketo-buildpacks/dep-server/pkg/dependency/httpd.go:236.2,236.27 1 1
github.com/paketo-buildpacks/dep-server/pkg/dependency/httpd.go:276.2,276.12 1 1
github.com/paketo-buildpacks/dep-server/pkg/dependency/httpd.go:232.59,234.3 1 1
github.com/paketo-buildpacks/dep-server/pkg/dependency/httpd.go:236.27,238.17 2 1
github.com/paketo-buildpacks/dep-server/pkg/dependency/httpd.go:242.3,245.43 3 1
github.com/paketo-buildpacks/dep-server/pkg/dependency/httpd.go:251.3,252.17 2 1
github.com/paketo-buildpacks/dep-server/pkg/dependency/httpd.go:238.17,240.4 1 0
github.com/paketo-buildpacks/dep-server/pkg/dependency/httpd.go:245.43,247.4 1 1
github.com/paketo-buildpacks/dep-server/pkg/dependency/httpd.go:247.9,249.4 1 1
github.com/paketo-buildpacks/dep-server/pkg/dependency/httpd.go:252.17,254.4 1 0
github.com/paketo-buildpacks/dep-server/pkg/dependency/httpd.go:255.8,255.33 1 1
github.com/paketo-buildpacks/dep-server/pkg/dependency/httpd.go:255.33,257.17 2 1
github.com/paketo-buildpacks/dep-server/pkg/dependency/httpd.go:261.3,264.42 3 1
github.com/paketo-buildpacks/dep-server/pkg/dependency/httpd.go:270.3,271.17 2 1
github.com/paketo-buildpacks/dep-server/pkg/dependency/httpd.go:257.17,259.4 1 0
github.com/paketo-buildpacks/dep-server/pkg/dependency/httpd.go:264.42,266.4 1 1
github.com/paketo-buildpacks/dep-server/pkg/dependency/httpd.go:266.9,268.4 1 1
github.com/paketo-buildpacks/dep-server/pkg/dependency/httpd.go:271.17,273.4 1 0
github.com/paketo-buildpacks/dep-server/pkg/dependency/httpd.go:279.72,286.2 3 1
github.com/paketo-buildpacks/dep-server/pkg/dependency/php.go:39.52,41.16 2 1
github.com/paketo-buildpacks/dep-server/pkg/dependency/php.go:45.2,45.46 1 1
github.com/paketo-buildpacks/dep-server/pkg/dependency/php.go:52.2,53.38 2 1
github.com/paketo-buildpacks/dep-server/pkg/dependency/php.go:57.2,57.22 1 1
github.com/paketo-buildpacks/dep-server/pkg/dependency/php.go:41.16,43.3 1 0
github.com/paketo-buildpacks/dep-server/pkg/dependency/php.go:45.46,46.54 1 1
github.com/paketo-buildpacks/dep-server/pkg/dependency/php.go:49.3,49.57 1 1
github.com/paketo-buildpacks/dep-server/pkg/dependency/php.go:46.54,48.4 1 1
github.com/paketo-buildpacks/dep-server/pkg/dependency/php.go:53.38,55.3 1 1
github.com/paketo-buildpacks/dep-server/pkg/dependency/php.go:60.71,62.16 2 1
github.com/paketo-buildpacks/dep-server/pkg/dependency/php.go:66.2,68.16 3 1
github.com/paketo-buildpacks/dep-server/pkg/dependency/php.go:72.2,73.16 2 1
github.com/paketo-buildpacks/dep-server/pkg/dependency/php.go:77.2,80.16 3 1
github.com/paketo-buildpacks/dep-server/pkg/dependency/php.go:84.2,93.8 1 1
github.com/paketo-buildpacks/dep-server/pkg/dependency/php.go:62.16,64.3 1 0
github.com/paketo-buildpacks/dep-server/pkg/dependency/php.go:68.16,70.3 1 1
github.com/paketo-buildpacks/dep-server/pkg/dependency/php.go:73.16,75.3 1 0
github.com/paketo-buildpacks/dep-server/pkg/dependency/php.go:80.16,82.3 1 0
github.com/paketo-buildpacks/dep-server/pkg/dependency/php.go:96.65,98.16 2 1
github.com/paketo-buildpacks/dep-server/pkg/dependency/php.go:102.2,102.34 1 1
github.com/paketo-buildpacks/dep-server/pkg/dependency/php.go:98.16,100.3 1 0
github.com/paketo-buildpacks/dep-server/pkg/dependency/php.go:105.53,107.16 2 1
github.com/paketo-buildpacks/dep-server/pkg/dependency/php.go:111.2,113.16 3 1
github.com/paketo-buildpacks/dep-server/pkg/dependency/php.go:117.2,118.29 2 1
github.com/paketo-buildpacks/dep-server/pkg/dependency/php.go:125.2,129.36 3 1
github.com/paketo-buildpacks/dep-server/pkg/dependency/php.go:155.2,155.28 1 1
github.com/paketo-buildpacks/dep-server/pkg/dependency/php.go:107.16,109.3 1 0
github.com/paketo-buildpacks/dep-server/pkg/dependency/php.go:113.16,115.3 1 0
github.com/paketo-buildpacks/dep-server/pkg/dependency/php.go:118.29,119.18 1 1
github.com/paketo-buildpacks/dep-server/pkg/dependency/php.go:123.3,123.44 1 1
github.com/paketo-buildpacks/dep-server/pkg/dependency/php.go:119.18,120.12 1 1
github.com/paketo-buildpacks/dep-server/pkg/dependency/php.go:129.36,131.17 2 1
github.com/paketo-buildpacks/dep-server/pkg/dependency/php.go:135.3,137.17 3 1
github.com/paketo-buildpacks/dep-server/pkg/dependency/php.go:141.3,141.48 1 1
github.com/paketo-buildpacks/dep-server/pkg/dependency/php.go:131.17,133.4 1 0
github.com/paketo-buildpacks/dep-server/pkg/dependency/php.go:137.17,139.4 1 0
github.com/paketo-buildpacks/dep-server/pkg/dependency/php.go:141.48,143.18 2 1
github.com/paketo-buildpacks/dep-server/pkg/dependency/php.go:147.4,151.6 1 1
github.com/paketo-buildpacks/dep-server/pkg/dependency/php.go:143.18,145.5 1 0
github.com/paketo-buildpacks/dep-server/pkg/dependency/php.go:158.64,160.16 2 1
github.com/paketo-buildpacks/dep-server/pkg/dependency/php.go:164.2,166.16 3 1
github.com/paketo-buildpacks/dep-server/pkg/dependency/php.go:170.2,170.21 1 1
github.com/paketo-buildpacks/dep-server/pkg/dependency/php.go:160.16,162.3 1 0
github.com/paketo-buildpacks/dep-server/pkg/dependency/php.go:166.16,168.3 1 0
github.com/paketo-buildpacks/dep-server/pkg/dependency/php.go:173.86,174.38 1 1
github.com/paketo-buildpacks/dep-server/pkg/dependency/php.go:191.2,191.70 1 1
github.com/paketo-buildpacks/dep-server/pkg/dependency/php.go:174.38,175.43 1 1
github.com/paketo-buildpacks/dep-server/pkg/dependency/php.go:175.43,176.25 1 1
github.com/paketo-buildpacks/dep-server/pkg/dependency/php.go:176.25,178.5 1 1
github.com/paketo-buildpacks/dep-server/pkg/dependency/php.go:178.10,178.78 1 1
github.com/paketo-buildpacks/dep-server/pkg/dependency/php.go:178.78,180.19 2 1
github.com/paketo-buildpacks/dep-server/pkg/dependency/php.go:184.5,184.20 1 1
github.com/paketo-buildpacks/dep-server/pkg/dependency/php.go:180.19,182.6 1 0
github.com/paketo-buildpacks/dep-server/pkg/dependency/php.go:185.10,187.5 1 0
github.com/paketo-buildpacks/dep-server/pkg/dependency/php.go:194.72,195.76 1 1
github.com/paketo-buildpacks/dep-server/pkg/dependency/php.go:199.2,199.75 1 1
github.com/paketo-buildpacks/dep-server/pkg/dependency/php.go:203.2,203.80 1 1
github.com/paketo-buildpacks/dep-server/pkg/dependency/php.go:207.2,207.79 1 1
github.com/paketo-buildpacks/dep-server/pkg/dependency/php.go:211.2,211.95 1 0
github.com/paketo-buildpacks/dep-server/pkg/dependency/php.go:195.76,197.3 1 1
github.com/paketo-buildpacks/dep-server/pkg/dependency/php.go:199.75,201.3 1 1
github.com/paketo-buildpacks/dep-server/pkg/dependency/php.go:203.80,205.3 1 1
github.com/paketo-buildpacks/dep-server/pkg/dependency/php.go:207.79,209.3 1 1
github.com/paketo-buildpacks/dep-server/pkg/dependency/php.go:214.73,219.2 2 1
github.com/paketo-buildpacks/dep-server/pkg/dependency/php.go:221.74,222.20 1 1
github.com/paketo-buildpacks/dep-server/pkg/dependency/php.go:227.2,227.80 1 1
github.com/paketo-buildpacks/dep-server/pkg/dependency/php.go:222.20,225.3 2 1
github.com/paketo-buildpacks/dep-server/pkg/dependency/php.go:230.64,231.68 1 1
github.com/paketo-buildpacks/dep-server/pkg/dependency/php.go:235.2,235.67 1 1
github.com/paketo-buildpacks/dep-server/pkg/dependency/php.go:239.2,239.72 1 1
github.com/paketo-buildpacks/dep-server/pkg/dependency/php.go:243.2,243.71 1 1
github.com/paketo-buildpacks/dep-server/pkg/dependency/php.go:247.2,247.87 1 0
github.com/paketo-buildpacks/dep-server/pkg/dependency/php.go:231.68,233.3 1 1
github.com/paketo-buildpacks/dep-server/pkg/dependency/php.go:235.67,237.3 1 1
github.com/paketo-buildpacks/dep-server/pkg/dependency/php.go:239.72,241.3 1 1
github.com/paketo-buildpacks/dep-server/pkg/dependency/php.go:243.71,245.3 1 1
github.com/paketo-buildpacks/dep-server/pkg/dependency/php.go:250.110,252.16 2 1
github.com/paketo-buildpacks/dep-server/pkg/dependency/php.go:255.2,259.16 4 1
github.com/paketo-buildpacks/dep-server/pkg/dependency/php.go:263.2,263.73 1 1
github.com/paketo-buildpacks/dep-server/pkg/dependency/php.go:270.2,271.16 2 1
github.com/paketo-buildpacks/dep-server/pkg/dependency/php.go:275.2,275.20 1 1
github.com/paketo-buildpacks/dep-server/pkg/dependency/php.go:252.16,254.3 1 0
github.com/paketo-buildpacks/dep-server/pkg/dependency/php.go:259.16,261.3 1 0
github.com/paketo-buildpacks/dep-server/pkg/dependency/php.go:263.73,265.17 2 1
github.com/paketo-buildpacks/dep-server/pkg/dependency/php.go:265.17,267.4 1 0
github.com/paketo-buildpacks/dep-server/pkg/dependency/php.go:271.16,273.3 1 0
github.com/paketo-buildpacks/dep-server/pkg/dependency/php.go:278.70,329.2 3 1
github.com/paketo-buildpacks/dep-server/pkg/dependency/php.go:331.73,340.2 3 1
github.com/paketo-buildpacks/dep-server/pkg/dependency/ruby.go:28.53,30.16 2 1
github.com/paketo-buildpacks/dep-server/pkg/dependency/ruby.go:34.2,35.39 2 1
github.com/paketo-buildpacks/dep-server/pkg/dependency/ruby.go:39.2,39.22 1 1
github.com/paketo-buildpacks/dep-server/pkg/dependency/ruby.go:30.16,32.3 1 0
github.com/paketo-buildpacks/dep-server/pkg/dependency/ruby.go:35.39,37.3 1 1
github.com/paketo-buildpacks/dep-server/pkg/dependency/ruby.go:42.72,44.16 2 1
github.com/paketo-buildpacks/dep-server/pkg/dependency/ruby.go:48.2,49.16 2 1
github.com/paketo-buildpacks/dep-server/pkg/dependency/ruby.go:53.2,54.16 2 1
github.com/paketo-buildpacks/dep-server/pkg/dependency/ruby.go:58.2,58.39 1 1
github.com/paketo-buildpacks/dep-server/pkg/dependency/ruby.go:78.2,78.71 1 0
github.com/paketo-buildpacks/dep-server/pkg/dependency/ruby.go:44.16,46.3 1 0
github.com/paketo-buildpacks/dep-server/pkg/dependency/ruby.go:49.16,51.3 1 0
github.com/paketo-buildpacks/dep-server/pkg/dependency/ruby.go:54.16,56.3 1 0
github.com/paketo-buildpacks/dep-server/pkg/dependency/ruby.go:58.39,59.33 1 1
github.com/paketo-buildpacks/dep-server/pkg/dependency/ruby.go:59.33,61.18 2 1
github.com/paketo-buildpacks/dep-server/pkg/dependency/ruby.go:65.4,74.10 1 1
github.com/paketo-buildpacks/dep-server/pkg/dependency/ruby.go:61.18,63.5 1 0
github.com/paketo-buildpacks/dep-server/pkg/dependency/ruby.go:81.66,83.16 2 1
github.com/paketo-buildpacks/dep-server/pkg/dependency/ruby.go:87.2,87.39 1 1
github.com/paketo-buildpacks/dep-server/pkg/dependency/ruby.go:97.2,97.79 1 0
github.com/paketo-buildpacks/dep-server/pkg/dependency/ruby.go:83.16,85.3 1 0
github.com/paketo-buildpacks/dep-server/pkg/dependency/ruby.go:87.39,88.33 1 1
github.com/paketo-buildpacks/dep-server/pkg/dependency/ruby.go:88.33,90.18 2 1
github.com/paketo-buildpacks/dep-server/pkg/dependency/ruby.go:93.4,93.28 1 1
github.com/paketo-buildpacks/dep-server/pkg/dependency/ruby.go:90.18,92.5 1 0
github.com/paketo-buildpacks/dep-server/pkg/dependency/ruby.go:100.55,102.16 2 1
github.com/paketo-buildpacks/dep-server/pkg/dependency/ruby.go:106.2,110.35 4 1
github.com/paketo-buildpacks/dep-server/pkg/dependency/ruby.go:117.2,117.26 1 1
github.com/paketo-buildpacks/dep-server/pkg/dependency/ruby.go:102.16,104.3 1 0
github.com/paketo-buildpacks/dep-server/pkg/dependency/ruby.go:110.35,115.3 1 1
github.com/paketo-buildpacks/dep-server/pkg/dependency/ruby.go:120.78,122.16 2 1
github.com/paketo-buildpacks/dep-server/pkg/dependency/ruby.go:129.2,129.22 1 1
github.com/paketo-buildpacks/dep-server/pkg/dependency/ruby.go:122.16,123.68 1 1
github.com/paketo-buildpacks/dep-server/pkg/dependency/ruby.go:123.68,125.4 1 1
github.com/paketo-buildpacks/dep-server/pkg/dependency/ruby.go:125.9,127.4 1 0
github.com/paketo-buildpacks/dep-server/pkg/dependency/ruby.go:132.88,134.16 2 1
github.com/paketo-buildpacks/dep-server/pkg/dependency/ruby.go:138.2,150.16 4 1
github.com/paketo-buildpacks/dep-server/pkg/dependency/ruby.go:154.2,154.35 1 1
github.com/paketo-buildpacks/dep-server/pkg/dependency/ruby.go:164.2,164.62 1 1
github.com/paketo-buildpacks/dep-server/pkg/dependency/ruby.go:134.16,136.3 1 0
github.com/paketo-buildpacks/dep-server/pkg/dependency/ruby.go:150.16,152.3 1 0
github.com/paketo-buildpacks/dep-server/pkg/dependency/ruby.go:154.35,155.33 1 1
github.com/paketo-buildpacks/dep-server/pkg/dependency/ruby.go:155.33,156.55 1 1
github.com/paketo-buildpacks/dep-server/pkg/dependency/ruby.go:156.55,158.5 1 1
github.com/paketo-buildpacks/dep-server/pkg/dependency/ruby.go:158.10,159.10 1 1
github.com/paketo-buildpacks/dep-server/pkg/dependency/ruby.go:167.88,169.16 2 1
github.com/paketo-buildpacks/dep-server/pkg/dependency/ruby.go:173.2,173.57 1 1
github.com/paketo-buildpacks/dep-server/pkg/dependency/ruby.go:186.2,186.84 1 0
github.com/paketo-buildpacks/dep-server/pkg/dependency/ruby.go:169.16,171.3 1 0
github.com/paketo-buildpacks/dep-server/pkg/dependency/ruby.go:173.57,174.39 1 1
github.com/paketo-buildpacks/dep-server/pkg/dependency/ruby.go:178.3,181.48 3 1
github.com/paketo-buildpacks/dep-server/pkg/dependency/ruby.go:174.39,175.12 1 1
github.com/paketo-buildpacks/dep-server/pkg/dependency/ruby.go:181.48,183.4 1 1
github.com/paketo-buildpacks/dep-server/pkg/dependency/rust.go:22.53,24.16 2 1
github.com/paketo-buildpacks/dep-server/pkg/dependency/rust.go:28.2,29.27 2 1
github.com/paketo-buildpacks/dep-server/pkg/dependency/rust.go:42.2,42.22 1 1
github.com/paketo-buildpacks/dep-server/pkg/dependency/rust.go:24.16,26.3 1 0
github.com/paketo-buildpacks/dep-server/pkg/dependency/rust.go:29.27,30.41 1 1
github.com/paketo-buildpacks/dep-server/pkg/dependency/rust.go:33.3,34.17 2 1
github.com/paketo-buildpacks/dep-server/pkg/dependency/rust.go:37.3,37.57 1 1
github.com/paketo-buildpacks/dep-server/pkg/dependency/rust.go:40.3,40.35 1 1
github.com/paketo-buildpacks/dep-server/pkg/dependency/rust.go:30.41,31.12 1 1
github.com/paketo-buildpacks/dep-server/pkg/dependency/rust.go:34.17,36.4 1 0
github.com/paketo-buildpacks/dep-server/pkg/dependency/rust.go:37.57,38.12 1 1
github.com/paketo-buildpacks/dep-server/pkg/dependency/rust.go:45.72,47.16 2 1
github.com/paketo-buildpacks/dep-server/pkg/dependency/rust.go:51.2,53.16 3 1
github.com/paketo-buildpacks/dep-server/pkg/dependency/rust.go:57.2,58.16 2 1
github.com/paketo-buildpacks/dep-server/pkg/dependency/rust.go:62.2,71.8 1 1
github.com/paketo-buildpacks/dep-server/pkg/dependency/rust.go:47.16,49.3 1 0
github.com/paketo-buildpacks/dep-server/pkg/dependency/rust.go:53.16,55.3 1 0
github.com/paketo-buildpacks/dep-server/pkg/dependency/rust.go:58.16,60.3 1 0
github.com/paketo-buildpacks/dep-server/pkg/dependency/rust.go:74.66,76.16 2 1
github.com/paketo-buildpacks/dep-server/pkg/dependency/rust.go:80.2,80.29 1 1
github.com/paketo-buildpacks/dep-server/pkg/dependency/rust.go:76.16,78.3 1 0
github.com/paketo-buildpacks/dep-server/pkg/dependency/rust.go:83.79,85.16 2 1
github.com/paketo-buildpacks/dep-server/pkg/dependency/rust.go:89.2,90.16 2 1
github.com/paketo-buildpacks/dep-server/pkg/dependency/rust.go:94.2,95.16 2 1
github.com/paketo-buildpacks/dep-server/pkg/dependency/rust.go:98.2,101.16 3 1
github.com/paketo-buildpacks/dep-server/pkg/dependency/rust.go:105.2,106.16 2 1
github.com/paketo-buildpacks/dep-server/pkg/dependency/rust.go:110.2,111.16 2 1
github.com/paketo-buildpacks/dep-server/pkg/dependency/rust.go:115.2,115.27 1 1
github.com/paketo-buildpacks/dep-server/pkg/dependency/rust.go:85.16,87.3 1 0
github.com/paketo-buildpacks/dep-server/pkg/dependency/rust.go:90.16,92.3 1 0
github.com/paketo-buildpacks/dep-server/pkg/dependency/rust.go:95.16,97.3 1 0
github.com/paketo-buildpacks/dep-server/pkg/dependency/rust.go:101.16,103.3 1 0
github.com/paketo-buildpacks/dep-server/pkg/dependency/rust.go:106.16,108.3 1 0
github.com/paketo-buildpacks/dep-server/pkg/dependency/rust.go:111.16,113.3 1 0
github.com/paketo-buildpacks/dep-server/pkg/dependency/rust.go:118.61,120.2 1 1
github.com/paketo-buildpacks/dep-server/pkg/dependency/rust.go:122.52,124.2 1 1
github.com/paketo-buildpacks/dep-server/pkg/dependency/curl.go:34.53,36.16 2 1
github.com/paketo-buildpacks/dep-server/pkg/dependency/curl.go:40.2,40.53 1 1
github.com/paketo-buildpacks/dep-server/pkg/dependency/curl.go:44.2,45.39 2 1
github.com/paketo-buildpacks/dep-server/pkg/dependency/curl.go:49.2,49.22 1 1
github.com/paketo-buildpacks/dep-server/pkg/dependency/curl.go:36.16,38.3 1 0
github.com/paketo-buildpacks/dep-server/pkg/dependency/curl.go:40.53,42.3 1 1
github.com/paketo-buildpacks/dep-server/pkg/dependency/curl.go:45.39,47.3 1 1
github.com/paketo-buildpacks/dep-server/pkg/dependency/curl.go:52.72,54.16 2 1
github.com/paketo-buildpacks/dep-server/pkg/dependency/curl.go:58.2,58.39 1 1
github.com/paketo-buildpacks/dep-server/pkg/dependency/curl.go:64.2,64.71 1 0
github.com/paketo-buildpacks/dep-server/pkg/dependency/curl.go:54.16,56.3 1 0
github.com/paketo-buildpacks/dep-server/pkg/dependency/curl.go:58.39,59.33 1 1
github.com/paketo-buildpacks/dep-server/pkg/dependency/curl.go:59.33,61.4 1 1
github.com/paketo-buildpacks/dep-server/pkg/dependency/curl.go:67.66,69.16 2 1
github.com/paketo-buildpacks/dep-server/pkg/dependency/curl.go:73.2,73.39 1 1
github.com/paketo-buildpacks/dep-server/pkg/dependency/curl.go:79.2,79.79 1 0
github.com/paketo-buildpacks/dep-server/pkg/dependency/curl.go:69.16,71.3 1 0
github.com/paketo-buildpacks/dep-server/pkg/dependency/curl.go:73.39,74.33 1 1
github.com/paketo-buildpacks/dep-server/pkg/dependency/curl.go:74.33,76.4 1 1
github.com/paketo-buildpacks/dep-server/pkg/dependency/curl.go:82.55,84.16 2 1
github.com/paketo-buildpacks/dep-server/pkg/dependency/curl.go:88.2,91.6 4 1
github.com/paketo-buildpacks/dep-server/pkg/dependency/curl.go:121.2,121.26 1 1
github.com/paketo-buildpacks/dep-server/pkg/dependency/curl.go:84.16,86.3 1 0
github.com/paketo-buildpacks/dep-server/pkg/dependency/curl.go:91.6,93.20 2 1
github.com/paketo-buildpacks/dep-server/pkg/dependency/curl.go:96.3,96.17 1 1
github.com/paketo-buildpacks/dep-server/pkg/dependency/curl.go:100.3,101.17 2 1
github.com/paketo-buildpacks/dep-server/pkg/dependency/curl.go:105.3,105.38 1 1
github.com/paketo-buildpacks/dep-server/pkg/dependency/curl.go:109.3,110.17 2 1
github.com/paketo-buildpacks/dep-server/pkg/dependency/curl.go:114.3,118.5 1 1
github.com/paketo-buildpacks/dep-server/pkg/dependency/curl.go:93.20,94.9 1 1
github.com/paketo-buildpacks/dep-server/pkg/dependency/curl.go:96.17,98.4 1 0
github.com/paketo-buildpacks/dep-server/pkg/dependency/curl.go:101.17,103.4 1 0
github.com/paketo-buildpacks/dep-server/pkg/dependency/curl.go:105.38,106.12 1 0
github.com/paketo-buildpacks/dep-server/pkg/dependency/curl.go:110.17,112.4 1 0
github.com/paketo-buildpacks/dep-server/pkg/dependency/curl.go:124.80,126.16 2 1
github.com/paketo-buildpacks/dep-server/pkg/dependency/curl.go:130.2,141.8 3 1
github.com/paketo-buildpacks/dep-server/pkg/dependency/curl.go:126.16,128.3 1 0
github.com/paketo-buildpacks/dep-server/pkg/dependency/curl.go:144.69,147.16 3 1
github.com/paketo-buildpacks/dep-server/pkg/dependency/curl.go:150.2,153.16 3 1
github.com/paketo-buildpacks/dep-server/pkg/dependency/curl.go:157.2,157.33 1 1
github.com/paketo-buildpacks/dep-server/pkg/dependency/curl.go:174.2,175.16 2 1
github.com/paketo-buildpacks/dep-server/pkg/dependency/curl.go:179.2,179.27 1 1
github.com/paketo-buildpacks/dep-server/pkg/dependency/curl.go:147.16,149.3 1 0
github.com/paketo-buildpacks/dep-server/pkg/dependency/curl.go:153.16,155.3 1 0
github.com/paketo-buildpacks/dep-server/pkg/dependency/curl.go:157.33,159.17 2 1
github.com/paketo-buildpacks/dep-server/pkg/dependency/curl.go:163.3,164.17 2 1
github.com/paketo-buildpacks/dep-server/pkg/dependency/curl.go:168.3,169.17 2 1
github.com/paketo-buildpacks/dep-server/pkg/dependency/curl.go:159.17,161.4 1 0
github.com/paketo-buildpacks/dep-server/pkg/dependency/curl.go:164.17,166.4 1 0
github.com/paketo-buildpacks/dep-server/pkg/dependency/curl.go:169.17,171.4 1 0
github.com/paketo-buildpacks/dep-server/pkg/dependency/curl.go:175.16,177.3 1 0
github.com/paketo-buildpacks/dep-server/pkg/dependency/curl.go:182.58,184.2 1 1
github.com/paketo-buildpacks/dep-server/pkg/dependency/curl.go:186.61,188.2 1 1
github.com/paketo-buildpacks/dep-server/pkg/dependency/curl.go:190.57,191.57 1 1
github.com/paketo-buildpacks/dep-server/pkg/dependency/curl.go:195.2,195.80 1 1
github.com/paketo-buildpacks/dep-server/pkg/dependency/curl.go:191.57,193.3 1 1
github.com/paketo-buildpacks/dep-server/pkg/dependency/curl.go:198.63,207.2 2 1
github.com/paketo-buildpacks/dep-server/pkg/dependency/nginx.go:20.54,22.16 2 1
github.com/paketo-buildpacks/dep-server/pkg/dependency/nginx.go:26.2,27.27 2 1
github.com/paketo-buildpacks/dep-server/pkg/dependency/nginx.go:31.2,31.22 1 1
github.com/paketo-buildpacks/dep-server/pkg/dependency/nginx.go:22.16,24.3 1 0
github.com/paketo-buildpacks/dep-server/pkg/dependency/nginx.go:27.27,29.3 1 1
github.com/paketo-buildpacks/dep-server/pkg/dependency/nginx.go:34.73,37.16 3 1
github.com/paketo-buildpacks/dep-server/pkg/dependency/nginx.go:41.2,43.16 3 1
github.com/paketo-buildpacks/dep-server/pkg/dependency/nginx.go:47.2,48.16 2 1
github.com/paketo-buildpacks/dep-server/pkg/dependency/nginx.go:52.2,61.8 1 1
github.com/paketo-buildpacks/dep-server/pkg/dependency/nginx.go:37.16,39.3 1 0
github.com/paketo-buildpacks/dep-server/pkg/dependency/nginx.go:43.16,45.3 1 0
github.com/paketo-buildpacks/dep-server/pkg/dependency/nginx.go:48.16,50.3 1 0
github.com/paketo-buildpacks/dep-server/pkg/dependency/nginx.go:64.67,67.16 3 1
github.com/paketo-buildpacks/dep-server/pkg/dependency/nginx.go:71.2,71.29 1 1
github.com/paketo-buildpacks/dep-server/pkg/dependency/nginx.go:67.16,69.3 1 0
github.com/paketo-buildpacks/dep-server/pkg/dependency/nginx.go:74.80,76.16 2 1
github.com/paketo-buildpacks/dep-server/pkg/dependency/nginx.go:80.2,81.16 2 1
github.com/paketo-buildpacks/dep-server/pkg/dependency/nginx.go:85.2,86.16 2 1
github.com/paketo-buildpacks/dep-server/pkg/dependency/nginx.go:89.2,92.16 3 1
github.com/paketo-buildpacks/dep-server/pkg/dependency/nginx.go:96.2,97.16 2 1
github.com/paketo-buildpacks/dep-server/pkg/dependency/nginx.go:101.2,102.16 2 1
github.com/paketo-buildpacks/dep-server/pkg/dependency/nginx.go:106.2,106.27 1 1
github.com/paketo-buildpacks/dep-server/pkg/dependency/nginx.go:76.16,78.3 1 0
github.com/paketo-buildpacks/dep-server/pkg/dependency/nginx.go:81.16,83.3 1 0
github.com/paketo-buildpacks/dep-server/pkg/dependency/nginx.go:86.16,88.3 1 0
github.com/paketo-buildpacks/dep-server/pkg/dependency/nginx.go:92.16,94.3 1 0
github.com/paketo-buildpacks/dep-server/pkg/dependency/nginx.go:97.16,99.3 1 0
github.com/paketo-buildpacks/dep-server/pkg/dependency/nginx.go:102.16,104.3 1 0
github.com/paketo-buildpacks/dep-server/pkg/dependency/nginx.go:109.62,111.2 1 1
github.com/paketo-buildpacks/dep-server/pkg/dependency/nginx.go:113.53,115.2 1 1
github.com/paketo-buildpacks/dep-server/pkg/dependency/python.go:22.55,24.16 2 1
github.com/paketo-buildpacks/dep-server/pkg/dependency/python.go:28.2,31.57 3 1
github.com/paketo-buildpacks/dep-server/pkg/dependency/python.go:38.2,38.22 1 1
github.com/paketo-buildpacks/dep-server/pkg/dependency/python.go:24.16,26.3 1 0
github.com/paketo-buildpacks/dep-server/pkg/dependency/python.go:31.57,33.24 2 1
github.com/paketo-buildpacks/dep-server/pkg/dependency/python.go:33.24,35.4 1 1
github.com/paketo-buildpacks/dep-server/pkg/dependency/python.go:41.74,43.16 2 1
github.com/paketo-buildpacks/dep-server/pkg/dependency/python.go:47.2,48.16 2 1
github.com/paketo-buildpacks/dep-server/pkg/dependency/python.go:52.2,53.16 2 1
github.com/paketo-buildpacks/dep-server/pkg/dependency/python.go:57.2,58.16 2 1
github.com/paketo-buildpacks/dep-server/pkg/dependency/python.go:62.2,71.8 1 1
github.com/paketo-buildpacks/dep-server/pkg/dependency/python.go:43.16,45.3 1 0
github.com/paketo-buildpacks/dep-server/pkg/dependency/python.go:48.16,50.3 1 0
github.com/paketo-buildpacks/dep-server/pkg/dependency/python.go:53.16,55.3 1 0
github.com/paketo-buildpacks/dep-server/pkg/dependency/python.go:58.16,60.3 1 0
github.com/paketo-buildpacks/dep-server/pkg/dependency/python.go:74.68,76.16 2 1
github.com/paketo-buildpacks/dep-server/pkg/dependency/python.go:79.2,79.25 1 1
github.com/paketo-buildpacks/dep-server/pkg/dependency/python.go:76.16,78.3 1 0
github.com/paketo-buildpacks/dep-server/pkg/dependency/python.go:82.90,85.16 3 1
github.com/paketo-buildpacks/dep-server/pkg/dependency/python.go:89.2,99.29 9 1
github.com/paketo-buildpacks/dep-server/pkg/dependency/python.go:135.2,135.21 1 1
github.com/paketo-buildpacks/dep-server/pkg/dependency/python.go:138.2,138.29 1 1
github.com/paketo-buildpacks/dep-server/pkg/dependency/python.go:141.2,141.59 1 1
github.com/paketo-buildpacks/dep-server/pkg/dependency/python.go:145.2,146.16 2 1
github.com/paketo-buildpacks/dep-server/pkg/dependency/python.go:150.2,150.52 1 1
github.com/paketo-buildpacks/dep-server/pkg/dependency/python.go:85.16,87.3 1 0
github.com/paketo-buildpacks/dep-server/pkg/dependency/python.go:99.29,101.35 2 1
github.com/paketo-buildpacks/dep-server/pkg/dependency/python.go:108.3,109.33 2 1
github.com/paketo-buildpacks/dep-server/pkg/dependency/python.go:120.3,121.34 2 1
github.com/paketo-buildpacks/dep-server/pkg/dependency/python.go:127.3,128.41 2 1
github.com/paketo-buildpacks/dep-server/pkg/dependency/python.go:101.35,105.12 3 1
github.com/paketo-buildpacks/dep-server/pkg/dependency/python.go:109.33,113.37 3 1
github.com/paketo-buildpacks/dep-server/pkg/dependency/python.go:117.4,117.12 1 1
github.com/paketo-buildpacks/dep-server/pkg/dependency/python.go:113.37,115.5 1 1
github.com/paketo-buildpacks/dep-server/pkg/dependency/python.go:121.34,124.12 2 1
github.com/paketo-buildpacks/dep-server/pkg/dependency/python.go:128.41,131.12 2 0
github.com/paketo-buildpacks/dep-server/pkg/dependency/python.go:135.21,137.3 1 0
github.com/paketo-buildpacks/dep-server/pkg/dependency/python.go:138.29,140.3 1 0
github.com/paketo-buildpacks/dep-server/pkg/dependency/python.go:141.59,143.3 1 0
github.com/paketo-buildpacks/dep-server/pkg/dependency/python.go:146.16,148.3 1 0
github.com/paketo-buildpacks/dep-server/pkg/dependency/python.go:153.111,155.16 2 1
github.com/paketo-buildpacks/dep-server/pkg/dependency/python.go:158.2,163.16 4 1
github.com/paketo-buildpacks/dep-server/pkg/dependency/python.go:167.2,167.51 1 1
github.com/paketo-buildpacks/dep-server/pkg/dependency/python.go:181.2,182.16 2 1
github.com/paketo-buildpacks/dep-server/pkg/dependency/python.go:186.2,186.20 1 1
github.com/paketo-buildpacks/dep-server/pkg/dependency/python.go:155.16,157.3 1 0
github.com/paketo-buildpacks/dep-server/pkg/dependency/python.go:163.16,165.3 1 0
github.com/paketo-buildpacks/dep-server/pkg/dependency/python.go:167.51,169.37 2 1
github.com/paketo-buildpacks/dep-server/pkg/dependency/python.go:176.3,176.19 1 1
github.com/paketo-buildpacks/dep-server/pkg/dependency/python.go:169.37,170.70 1 1
github.com/paketo-buildpacks/dep-server/pkg/dependency/python.go:170.70,172.10 2 1
github.com/paketo-buildpacks/dep-server/pkg/dependency/python.go:176.19,178.4 1 0
github.com/paketo-buildpacks/dep-server/pkg/dependency/python.go:182.16,184.3 1 0
github.com/paketo-buildpacks/dep-server/pkg/dependency/python.go:189.79,191.16 2 1
github.com/paketo-buildpacks/dep-server/pkg/dependency/python.go:195.2,199.29 4 1
github.com/paketo-buildpacks/dep-server/pkg/dependency/python.go:225.2,225.17 1 1
github.com/paketo-buildpacks/dep-server/pkg/dependency/python.go:191.16,193.3 1 0
github.com/paketo-buildpacks/dep-server/pkg/dependency/python.go:199.29,200.52 1 1
github.com/paketo-buildpacks/dep-server/pkg/dependency/python.go:200.52,203.25 3 1
github.com/paketo-buildpacks/dep-server/pkg/dependency/python.go:212.4,214.25 3 1
github.com/paketo-buildpacks/dep-server/pkg/dependency/python.go:203.25,205.19 2 1
github.com/paketo-buildpacks/dep-server/pkg/dependency/python.go:209.5,209.33 1 1
github.com/paketo-buildpacks/dep-server/pkg/dependency/python.go:205.19,207.6 1 0
github.com/paketo-buildpacks/dep-server/pkg/dependency/python.go:214.25,216.19 2 1
github.com/paketo-buildpacks/dep-server/pkg/dependency/python.go:220.5,220.33 1 1
github.com/paketo-buildpacks/dep-server/pkg/dependency/python.go:216.19,218.6 1 0
github.com/paketo-buildpacks/dep-server/pkg/dependency/python.go:228.72,235.2 3 1
github.com/paketo-buildpacks/dep-server/pkg/dependency/dep_factory.go:82.201,91.2 1 1
github.com/paketo-buildpacks/dep-server/pkg/dependency/dep_factory.go:93.58,109.2 7 0
github.com/paketo-buildpacks/dep-server/pkg/dependency/dep_factory.go:111.58,114.16 2 0
github.com/paketo-buildpacks/dep-server/pkg/dependency/dep_factory.go:118.2,118.13 1 0
github.com/paketo-buildpacks/dep-server/pkg/dependency/dep_factory.go:114.16,116.3 1 0
github.com/paketo-buildpacks/dep-server/pkg/dependency/dep_factory.go:121.68,122.14 1 1
github.com/paketo-buildpacks/dep-server/pkg/dependency/dep_factory.go:123.21,131.9 1 1
github.com/paketo-buildpacks/dep-server/pkg/dependency/dep_factory.go:132.17,139.9 1 1
github.com/paketo-buildpacks/dep-server/pkg/dependency/dep_factory.go:140.18,148.9 1 1
github.com/paketo-buildpacks/dep-server/pkg/dependency/dep_factory.go:149.14,155.9 1 1
github.com/paketo-buildpacks/dep-server/pkg/dependency/dep_factory.go:156.27,162.9 1 1
github.com/paketo-buildpacks/dep-server/pkg/dependency/dep_factory.go:163.24,169.9 1 1
github.com/paketo-buildpacks/dep-server/pkg/dependency/dep_factory.go:170.20,176.9 1 1
github.com/paketo-buildpacks/dep-server/pkg/dependency/dep_factory.go:177.12,184.9 1 1
github.com/paketo-buildpacks/dep-server/pkg/dependency/dep_factory.go:185.15,192.9 1 1
github.com/paketo-buildpacks/dep-server/pkg/dependency/dep_factory.go:193.13,201.9 1 1
github.com/paketo-buildpacks/dep-server/pkg/dependency/dep_factory.go:202.15,210.9 1 1
github.com/paketo-buildpacks/dep-server/pkg/dependency/dep_factory.go:211.14,218.9 1 1
github.com/paketo-buildpacks/dep-server/pkg/dependency/dep_factory.go:219.13,226.9 1 1
github.com/paketo-buildpacks/dep-server/pkg/dependency/dep_factory.go:227.23,235.9 1 1
github.com/paketo-buildpacks/dep-server/pkg/dependency/dep_factory.go:236.16,243.9 1 1
github.com/paketo-buildpacks/dep-server/pkg/dependency/dep_factory.go:244.14,251.9 1 1
github.com/paketo-buildpacks/dep-server/pkg/dependency/dep_factory.go:252.14,260.9 1 1
github.com/paketo-buildpacks/dep-server/pkg/dependency/dep_factory.go:261.14,267.9 1 1
github.com/paketo-buildpacks/dep-server/pkg/dependency/dep_factory.go:268.14,276.9 1 1
github.com/paketo-buildpacks/dep-server/pkg/dependency/dep_factory.go:277.10,278.72 1 0
github.com/paketo-buildpacks/dep-server/pkg/dependency/licenses/licenses.go:18.45,20.2 1 1
github.com/paketo-buildpacks/dep-server/pkg/dependency/licenses/licenses.go:22.92,25.34 1 1
github.com/paketo-buildpacks/dep-server/pkg/dependency/licenses/licenses.go:32.2,34.16 3 1
github.com/paketo-buildpacks/dep-server/pkg/dependency/licenses/licenses.go:37.2,37.38 1 1
github.com/paketo-buildpacks/dep-server/pkg/dependency/licenses/licenses.go:42.2,43.16 2 1
github.com/paketo-buildpacks/dep-server/pkg/dependency/licenses/licenses.go:46.2,48.24 2 1
github.com/paketo-buildpacks/dep-server/pkg/dependency/licenses/licenses.go:67.2,68.16 2 1
github.com/paketo-buildpacks/dep-server/pkg/dependency/licenses/licenses.go:72.2,74.16 2 1
github.com/paketo-buildpacks/dep-server/pkg/dependency/licenses/licenses.go:82.2,83.28 2 1
github.com/paketo-buildpacks/dep-server/pkg/dependency/licenses/licenses.go:86.2,88.24 2 1
github.com/paketo-buildpacks/dep-server/pkg/dependency/licenses/licenses.go:25.34,29.3 1 1
github.com/paketo-buildpacks/dep-server/pkg/dependency/licenses/licenses.go:34.16,36.3 1 1
github.com/paketo-buildpacks/dep-server/pkg/dependency/licenses/licenses.go:37.38,39.3 1 1
github.com/paketo-buildpacks/dep-server/pkg/dependency/licenses/licenses.go:43.16,45.3 1 0
github.com/paketo-buildpacks/dep-server/pkg/dependency/licenses/licenses.go:49.17,51.17 2 1
github.com/paketo-buildpacks/dep-server/pkg/dependency/licenses/licenses.go:54.59,56.17 2 1
github.com/paketo-buildpacks/dep-server/pkg/dependency/licenses/licenses.go:59.10,61.17 2 1
github.com/paketo-buildpacks/dep-server/pkg/dependency/licenses/licenses.go:51.17,53.4 1 1
github.com/paketo-buildpacks/dep-server/pkg/dependency/licenses/licenses.go:56.17,58.4 1 0
github.com/paketo-buildpacks/dep-server/pkg/dependency/licenses/licenses.go:61.17,63.4 1 1
github.com/paketo-buildpacks/dep-server/pkg/dependency/licenses/licenses.go:68.16,70.3 1 0
github.com/paketo-buildpacks/dep-server/pkg/dependency/licenses/licenses.go:74.16,75.49 1 1
github.com/paketo-buildpacks/dep-server/pkg/dependency/licenses/licenses.go:78.3,78.25 1 1
github.com/paketo-buildpacks/dep-server/pkg/dependency/licenses/licenses.go:75.49,77.4 1 0
github.com/paketo-buildpacks/dep-server/pkg/dependency/licenses/licenses.go:83.28,85.3 1 1
github.com/paketo-buildpacks/dep-server/pkg/dependency/licenses/licenses.go:91.91,95.16 3 1
github.com/paketo-buildpacks/dep-server/pkg/dependency/licenses/licenses.go:99.2,99.12 1 1
github.com/paketo-buildpacks/dep-server/pkg/dependency/licenses/licenses.go:95.16,97.3 1 1
github.com/paketo-buildpacks/dep-server/pkg/dependency/licenses/licenses.go:104.70,107.16 3 1
github.com/paketo-buildpacks/dep-server/pkg/dependency/licenses/licenses.go:111.2,114.16 4 1
github.com/paketo-buildpacks/dep-server/pkg/dependency/licenses/licenses.go:118.2,118.12 1 1
github.com/paketo-buildpacks/dep-server/pkg/dependency/licenses/licenses.go:107.16,109.3 1 1
github.com/paketo-buildpacks/dep-server/pkg/dependency/licenses/licenses.go:114.16,116.3 1 1
